4/2/2018 5:26:15 PM ==== Authentication Started ==================
--------------------  User id  : wew
--------------------  Password : wew
--------------------  Auth. Status: FAILURE
4/2/2018 5:26:15 PM ==== Authentication Finished =================


4/2/2018 5:30:49 PM ==== Authentication Started ==================
--------------------  User id  : wew
--------------------  Password : wew
--------------------  Auth. Status: FAILURE
4/2/2018 5:30:49 PM ==== Authentication Finished =================


4/2/2018 5:34:55 PM ==== Authentication Started ==================
--------------------  User id  : wew
--------------------  Password : wew
--------------------  Auth. Status: FAILURE
4/2/2018 5:34:55 PM ==== Authentication Finished =================


4/2/2018 5:39:00 PM ==== Authentication Started ==================
--------------------  User id  : wew
--------------------  Password : wew
--------------------  Auth. Status: FAILURE
4/2/2018 5:39:00 PM ==== Authentication Finished =================


4/2/2018 5:39:04 PM ==== Authentication Started ==================
--------------------  User id  : wew
--------------------  Password : wew
--------------------  Auth. Status: FAILURE
4/2/2018 5:39:04 PM ==== Authentication Finished =================


