4/2/2018 5:21:35 PM ==== Authentication Started ==================
--------------------  User id  : ss
--------------------  Password : ss
--------------------  Auth. Status: FAILURE
4/2/2018 5:21:35 PM ==== Authentication Finished =================


4/2/2018 5:49:35 PM ==== Authentication Started ==================
--------------------  User id  : ss
--------------------  Password : ss
--------------------  Auth. Status: FAILURE
4/2/2018 5:49:35 PM ==== Authentication Finished =================


4/2/2018 5:56:02 PM ==== Authentication Started ==================
--------------------  User id  : ss
--------------------  Password : ss
--------------------  Auth. Status: FAILURE
4/2/2018 5:56:02 PM ==== Authentication Finished =================


4/2/2018 5:59:04 PM ==== Authentication Started ==================
--------------------  User id  : ss
--------------------  Password : ss
--------------------  Auth. Status: FAILURE
4/2/2018 5:59:04 PM ==== Authentication Finished =================


4/2/2018 5:59:21 PM ==== Authentication Started ==================
--------------------  User id  : ss
--------------------  Password : ss
--------------------  Auth. Status: FAILURE
4/2/2018 5:59:21 PM ==== Authentication Finished =================


4/2/2018 6:16:18 PM ==== Authentication Started ==================
--------------------  User id  : ss
--------------------  Password : ss
--------------------  Auth. Status: FAILURE
4/2/2018 6:16:18 PM ==== Authentication Finished =================


4/2/2018 6:17:17 PM ==== Authentication Started ==================
--------------------  User id  : ss
--------------------  Password : ss
--------------------  Auth. Status: FAILURE
4/2/2018 6:17:17 PM ==== Authentication Finished =================


4/2/2018 6:20:20 PM ==== Authentication Started ==================
--------------------  User id  : ss
--------------------  Password : ss
--------------------  Auth. Status: FAILURE
4/2/2018 6:20:20 PM ==== Authentication Finished =================


4/2/2018 6:30:52 PM ==== Authentication Started ==================
--------------------  User id  : ss
--------------------  Password : ss
--------------------  Auth. Status: FAILURE
4/2/2018 6:30:52 PM ==== Authentication Finished =================


