4/2/2018 5:40:01 PM ==== Authentication Started ==================
--------------------  User id  : dd
--------------------  Password : dd
--------------------  Auth. Status: FAILURE
4/2/2018 5:40:01 PM ==== Authentication Finished =================


4/2/2018 5:42:01 PM ==== Authentication Started ==================
--------------------  User id  : dd
--------------------  Password : dd
--------------------  Auth. Status: FAILURE
4/2/2018 5:42:01 PM ==== Authentication Finished =================


4/2/2018 5:42:05 PM ==== Authentication Started ==================
--------------------  User id  : dd
--------------------  Password : dd
--------------------  Auth. Status: FAILURE
4/2/2018 5:42:05 PM ==== Authentication Finished =================


4/2/2018 5:45:45 PM ==== Authentication Started ==================
--------------------  User id  : dd
--------------------  Password : dd
--------------------  Auth. Status: FAILURE
4/2/2018 5:45:45 PM ==== Authentication Finished =================


4/2/2018 5:46:29 PM ==== Authentication Started ==================
--------------------  User id  : dd
--------------------  Password : dd
--------------------  Auth. Status: FAILURE
4/2/2018 5:46:29 PM ==== Authentication Finished =================


4/2/2018 5:47:23 PM ==== Authentication Started ==================
--------------------  User id  : dd
--------------------  Password : dd
--------------------  Auth. Status: FAILURE
4/2/2018 5:47:23 PM ==== Authentication Finished =================


4/2/2018 5:47:31 PM ==== Authentication Started ==================
--------------------  User id  : dd
--------------------  Password : dd
--------------------  Auth. Status: FAILURE
4/2/2018 5:47:31 PM ==== Authentication Finished =================


