
3/16/2018 10:53:38 AM -- Landed Page: Mifilogin page
----------------------- Nomadix I/P: &UI=009db4&MA=68C44D72C371&OS=http://www.google.com&UURL=http://192.168.0.250:1111&RN=10
----------------------- MAC: 68C44D72C371
----------------------- Device Type: LAPTOP
----------------------- LogId: 68C44D72C37116032018105338891
----------------------- Idendified String: Mozilla/5.0 (Windows NT 6.1; Win64; x64; rv:58.0) Gecko/20100101 Firefox/58.0

3/16/2018 10:54:40 AM -- Landed Page: Mifilogin page
----------------------- Nomadix I/P: &UI=009db4&MA=68C44D72C371&OS=http://www.google.com&UURL=http://192.168.0.250:1111&RN=10
----------------------- MAC: 68C44D72C371
----------------------- Device Type: LAPTOP
----------------------- LogId: 68C44D72C37116032018105440237
----------------------- Idendified String: Mozilla/5.0 (Windows NT 6.1; Win64; x64; rv:58.0) Gecko/20100101 Firefox/58.0

3/16/2018 11:00:15 AM -- Landed Page: Mifilogin page
----------------------- Nomadix I/P: &UI=009db4&MA=68C44D72C371&OS=http://www.google.com&UURL=http://192.168.0.250:1111&RN=10
----------------------- MAC: 68C44D72C371
----------------------- Device Type: LAPTOP
----------------------- LogId: 68C44D72C37116032018110015725
----------------------- Idendified String: Mozilla/5.0 (Windows NT 6.1; Win64; x64; rv:58.0) Gecko/20100101 Firefox/58.0

3/16/2018 11:01:54 AM -- Landed Page: Mifilogin page
----------------------- Nomadix I/P: &UI=009db4&MA=68C44D72C371&OS=http://www.google.com&UURL=http://192.168.0.250:1111&RN=10
----------------------- MAC: 68C44D72C371
----------------------- Device Type: LAPTOP
----------------------- LogId: 68C44D72C37116032018110154017
----------------------- Idendified String: Mozilla/5.0 (Windows NT 6.1; Win64; x64; rv:58.0) Gecko/20100101 Firefox/58.0

3/16/2018 11:02:25 AM -- Landed Page: Mifilogin page
----------------------- Nomadix I/P: &UI=009db4&MA=68C44D72C371&OS=http://www.google.com&UURL=http://192.168.0.250:1111&RN=10
----------------------- MAC: 68C44D72C371
----------------------- Device Type: LAPTOP
----------------------- LogId: 68C44D72C37116032018110225082
----------------------- Idendified String: Mozilla/5.0 (Windows NT 6.1; Win64; x64; rv:58.0) Gecko/20100101 Firefox/58.0

3/16/2018 11:03:21 AM -- Landed Page: Mifilogin page
----------------------- Nomadix I/P: &UI=009db4&MA=68C44D72C371&OS=http://www.google.com&UURL=http://192.168.0.250:1111&RN=10
----------------------- MAC: 68C44D72C371
----------------------- Device Type: LAPTOP
----------------------- LogId: 68C44D72C37116032018110321832
----------------------- Idendified String: Mozilla/5.0 (Windows NT 6.1; Win64; x64; rv:58.0) Gecko/20100101 Firefox/58.0

3/16/2018 11:10:08 AM -- Landed Page: Mifilogin page
----------------------- Nomadix I/P: &UI=009db4&MA=68C44D72C371&OS=http://www.google.com&UURL=http://192.168.0.250:1111&RN=10
----------------------- MAC: 68C44D72C371
----------------------- Device Type: LAPTOP
----------------------- LogId: 68C44D72C37116032018111008263
----------------------- Idendified String: Mozilla/5.0 (Windows NT 6.1; Win64; x64; rv:58.0) Gecko/20100101 Firefox/58.0

3/16/2018 11:11:22 AM -- Landed Page: Mifilogin page
----------------------- Nomadix I/P: &UI=009db4&MA=68C44D72C371&OS=http://www.google.com&UURL=http://192.168.0.250:1111&RN=10
----------------------- MAC: 68C44D72C371
----------------------- Device Type: LAPTOP
----------------------- LogId: 68C44D72C37116032018111122983
----------------------- Idendified String: Mozilla/5.0 (Windows NT 6.1; Win64; x64; rv:58.0) Gecko/20100101 Firefox/58.0

3/16/2018 11:35:15 AM -- Landed Page: Mifilogin page
----------------------- Nomadix I/P: &UI=009db4&MA=68C44D72C371&OS=http://www.google.com&UURL=http://192.168.0.250:1111&RN=10
----------------------- MAC: 68C44D72C371
----------------------- Device Type: LAPTOP
----------------------- LogId: 68C44D72C37116032018113515595
----------------------- Idendified String: Mozilla/5.0 (Windows NT 6.1; Win64; x64; rv:58.0) Gecko/20100101 Firefox/58.0

3/16/2018 11:40:10 AM -- Landed Page: Mifilogin page
----------------------- Nomadix I/P: &UI=009db4&MA=68C44D72C371&OS=http://www.google.com&UURL=http://192.168.0.250:1111&RN=10
----------------------- MAC: 68C44D72C371
----------------------- Device Type: LAPTOP
----------------------- LogId: 68C44D72C37116032018114010641
----------------------- Idendified String: Mozilla/5.0 (Windows NT 6.1; Win64; x64; rv:58.0) Gecko/20100101 Firefox/58.0

3/16/2018 11:56:09 AM -- Landed Page: Mifilogin page
----------------------- Nomadix I/P: &UI=009db4&MA=68C44D72C371&OS=http://www.google.com&UURL=http://192.168.0.250:1111&RN=10
----------------------- MAC: 68C44D72C371
----------------------- Device Type: LAPTOP
----------------------- LogId: 68C44D72C37116032018115609457
----------------------- Idendified String: Mozilla/5.0 (Windows NT 6.1; Win64; x64; rv:58.0) Gecko/20100101 Firefox/58.0

3/16/2018 11:56:56 AM -- Landed Page: Mifilogin page
----------------------- Nomadix I/P: &UI=009db4&MA=68C44D72C371&OS=http://www.google.com&UURL=http://192.168.0.250:1111&RN=10
----------------------- MAC: 68C44D72C371
----------------------- Device Type: LAPTOP
----------------------- LogId: 68C44D72C37116032018115656911
----------------------- Idendified String: Mozilla/5.0 (Windows NT 6.1; Win64; x64; rv:58.0) Gecko/20100101 Firefox/58.0

3/16/2018 11:58:38 AM -- Landed Page: Mifilogin page
----------------------- Nomadix I/P: &UI=009db4&MA=68C44D72C371&OS=http://www.google.com&UURL=http://192.168.0.250:1111&RN=10
----------------------- MAC: 68C44D72C371
----------------------- Device Type: LAPTOP
----------------------- LogId: 68C44D72C37116032018115838694
----------------------- Idendified String: Mozilla/5.0 (Windows NT 6.1; Win64; x64; rv:58.0) Gecko/20100101 Firefox/58.0

3/16/2018 11:59:09 AM -- Landed Page: Mifilogin page
----------------------- Nomadix I/P: &UI=009db4&MA=68C44D72C371&OS=http://www.google.com&UURL=http://192.168.0.250:1111&RN=10
----------------------- MAC: 68C44D72C371
----------------------- Device Type: LAPTOP
----------------------- LogId: 68C44D72C37116032018115909841
----------------------- Idendified String: Mozilla/5.0 (Windows NT 6.1; Win64; x64; rv:58.0) Gecko/20100101 Firefox/58.0

3/16/2018 12:22:47 PM -- Landed Page: Mifilogin page
----------------------- Nomadix I/P: &UI=009db4&MA=68C44D72C371&OS=http://www.google.com&UURL=http://192.168.0.250:1111&RN=10
----------------------- MAC: 68C44D72C371
----------------------- Device Type: LAPTOP
----------------------- LogId: 68C44D72C37116032018122247128
----------------------- Idendified String: Mozilla/5.0 (Windows NT 6.1; Win64; x64; rv:58.0) Gecko/20100101 Firefox/58.0

3/16/2018 12:23:29 PM -- Landed Page: PlanSelectionPayAll Page -- Room No:911 -- MAC:68C44D72C371

3/16/2018 12:23:35 PM -- Landed Page: CreatePassword Page -- Room No:911 -- MAC:68C44D72C371

3/16/2018 12:24:22 PM -- Landed Page: UserError Page
------------------------ Error Code: 10

3/16/2018 12:25:16 PM -- Landed Page: Mifilogin page
----------------------- Nomadix I/P: &UI=009db4&MA=68C44D72C371&OS=http://www.google.com&UURL=http://192.168.0.250:1111&RN=10
----------------------- MAC: 68C44D72C371
----------------------- Device Type: LAPTOP
----------------------- LogId: 68C44D72C37116032018122516521
----------------------- Idendified String: Mozilla/5.0 (Windows NT 6.1; Win64; x64; rv:58.0) Gecko/20100101 Firefox/58.0

3/16/2018 12:25:29 PM -- Landed Page: PlanSelectionPayAll Page -- Room No:911 -- MAC:68C44D72C371

3/16/2018 12:25:32 PM -- Landed Page: CreatePassword Page -- Room No:911 -- MAC:68C44D72C371

3/16/2018 12:25:53 PM -- Landed Page: PostLogin Page -- Room No:911 -- MAC:68C44D72C371

3/16/2018 2:25:30 PM -- Landed Page: Mifilogin page
----------------------- Nomadix I/P: &UI=009db4&MA=68C44D72C371&OS=http://www.google.com&UURL=http://192.168.0.250:1111&RN=10
----------------------- MAC: 68C44D72C371
----------------------- Device Type: LAPTOP
----------------------- LogId: 68C44D72C37116032018142530547
----------------------- Idendified String: Mozilla/5.0 (Windows NT 6.1; Win64; x64; rv:58.0) Gecko/20100101 Firefox/58.0

3/16/2018 2:27:00 PM -- Landed Page: Mifilogin page
----------------------- Nomadix I/P: &UI=009db4&MA=68C44D72C371&OS=http://www.google.com&UURL=http://192.168.0.250:1111&RN=10
----------------------- MAC: 68C44D72C371
----------------------- Device Type: LAPTOP
----------------------- LogId: 68C44D72C37116032018142700723
----------------------- Idendified String: Mozilla/5.0 (Windows NT 6.1; Win64; x64; rv:58.0) Gecko/20100101 Firefox/58.0

3/16/2018 2:32:04 PM -- Landed Page: Mifilogin page
----------------------- Nomadix I/P: &UI=009db4&MA=68C44D72C371&OS=http://www.google.com&UURL=http://192.168.0.250:1111&RN=10
----------------------- MAC: 68C44D72C371
----------------------- Device Type: LAPTOP
----------------------- LogId: 68C44D72C37116032018143204584
----------------------- Idendified String: Mozilla/5.0 (Windows NT 6.1; Win64; x64; rv:58.0) Gecko/20100101 Firefox/58.0

3/16/2018 2:32:21 PM -- Landed Page: Mifilogin page
----------------------- Nomadix I/P: &UI=009db4&MA=68C44D72C371&OS=http://www.google.com&UURL=http://192.168.0.250:1111&RN=10
----------------------- MAC: 68C44D72C371
----------------------- Device Type: LAPTOP
----------------------- LogId: 68C44D72C37116032018143221790
----------------------- Idendified String: Mozilla/5.0 (Windows NT 6.1; Win64; x64; rv:58.0) Gecko/20100101 Firefox/58.0

3/16/2018 2:33:03 PM -- Landed Page: PlanSelectionPayAll Page -- Room No:911 -- MAC:68C44D72C371

3/16/2018 2:35:52 PM -- Landed Page: CreatePassword Page -- Room No:911 -- MAC:68C44D72C371

3/16/2018 2:36:17 PM -- Landed Page: PostLogin Page -- Room No:911 -- MAC:68C44D72C371

3/16/2018 2:52:32 PM -- Landed Page: Mifilogin page
----------------------- Nomadix I/P: &UI=009db4&MA=68C44D72C371&OS=http://www.google.com&UURL=http://192.168.0.250:1111&RN=10
----------------------- MAC: 68C44D72C371
----------------------- Device Type: LAPTOP
----------------------- LogId: 68C44D72C37116032018145232920
----------------------- Idendified String: Mozilla/5.0 (Windows NT 6.1; Win64; x64; rv:58.0) Gecko/20100101 Firefox/58.0

3/16/2018 2:52:33 PM -- Landed Page: Mifilogin page
----------------------- Nomadix I/P: &UI=009db4&MA=68C44D72C371&OS=http://www.google.com&UURL=http://192.168.0.250:1111&RN=10
----------------------- MAC: 68C44D72C371
----------------------- Device Type: LAPTOP
----------------------- LogId: 68C44D72C37116032018145233041
----------------------- Idendified String: Mozilla/5.0 (Windows NT 6.1; Win64; x64; rv:58.0) Gecko/20100101 Firefox/58.0

3/16/2018 2:55:32 PM -- Landed Page: Mifilogin page
----------------------- Nomadix I/P: &UI=009db4&MA=68C44D72C371&OS=http://www.google.com&UURL=http://192.168.0.250:1111&RN=10
----------------------- MAC: 68C44D72C371
----------------------- Device Type: LAPTOP
----------------------- LogId: 68C44D72C37116032018145532258
----------------------- Idendified String: Mozilla/5.0 (Windows NT 6.1; Win64; x64; rv:58.0) Gecko/20100101 Firefox/58.0

3/16/2018 2:56:01 PM -- Landed Page: Mifilogin page
----------------------- Nomadix I/P: &UI=009db4&MA=68C44D72C371&OS=http://www.google.com&UURL=http://192.168.0.250:1111&RN=10
----------------------- MAC: 68C44D72C371
----------------------- Device Type: LAPTOP
----------------------- LogId: 68C44D72C37116032018145601724
----------------------- Idendified String: Mozilla/5.0 (Windows NT 6.1; Win64; x64; rv:58.0) Gecko/20100101 Firefox/58.0

3/16/2018 2:56:53 PM -- Landed Page: Mifilogin page
----------------------- Nomadix I/P: &UI=009db4&MA=68C44D72C371&OS=http://www.google.com&UURL=http://192.168.0.250:1111&RN=10
----------------------- MAC: 68C44D72C371
----------------------- Device Type: LAPTOP
----------------------- LogId: 68C44D72C37116032018145653153
----------------------- Idendified String: Mozilla/5.0 (Windows NT 6.1; Win64; x64; rv:58.0) Gecko/20100101 Firefox/58.0

3/16/2018 2:57:08 PM -- Landed Page: Mifilogin page
----------------------- Nomadix I/P: &UI=009db4&MA=68C44D72C371&OS=http://www.google.com&UURL=http://192.168.0.250:1111&RN=10
----------------------- MAC: 68C44D72C371
----------------------- Device Type: LAPTOP
----------------------- LogId: 68C44D72C37116032018145708963
----------------------- Idendified String: Mozilla/5.0 (Windows NT 6.1; Win64; x64; rv:58.0) Gecko/20100101 Firefox/58.0

3/16/2018 2:57:21 PM -- Landed Page: Mifilogin page
----------------------- Nomadix I/P: &UI=009db4&MA=68C44D72C371&OS=http://www.google.com&UURL=http://192.168.0.250:1111&RN=10
----------------------- MAC: 68C44D72C371
----------------------- Device Type: LAPTOP
----------------------- LogId: 68C44D72C37116032018145721683
----------------------- Idendified String: Mozilla/5.0 (Windows NT 6.1; Win64; x64; rv:58.0) Gecko/20100101 Firefox/58.0

3/16/2018 2:57:27 PM -- Landed Page: Mifilogin page
----------------------- Nomadix I/P: &UI=009db4&MA=68C44D72C371&OS=http://www.google.com&UURL=http://192.168.0.250:1111&RN=10
----------------------- MAC: 68C44D72C371
----------------------- Device Type: LAPTOP
----------------------- LogId: 68C44D72C37116032018145727175
----------------------- Idendified String: Mozilla/5.0 (Windows NT 6.1; Win64; x64; rv:58.0) Gecko/20100101 Firefox/58.0

3/16/2018 2:58:03 PM -- Landed Page: Mifilogin page
----------------------- Nomadix I/P: &UI=009db4&MA=68C44D72C371&OS=http://www.google.com&UURL=http://192.168.0.250:1111&RN=10
----------------------- MAC: 68C44D72C371
----------------------- Device Type: LAPTOP
----------------------- LogId: 68C44D72C37116032018145803548
----------------------- Idendified String: Mozilla/5.0 (Windows NT 6.1; Win64; x64; rv:58.0) Gecko/20100101 Firefox/58.0

3/16/2018 2:58:19 PM -- Landed Page: Mifilogin page
----------------------- Nomadix I/P: &UI=009db4&MA=68C44D72C371&OS=http://www.google.com&UURL=http://192.168.0.250:1111&RN=10
----------------------- MAC: 68C44D72C371
----------------------- Device Type: LAPTOP
----------------------- LogId: 68C44D72C37116032018145819729
----------------------- Idendified String: Mozilla/5.0 (Windows NT 6.1; Win64; x64; rv:58.0) Gecko/20100101 Firefox/58.0

3/16/2018 2:58:38 PM -- Landed Page: Mifilogin page
----------------------- Nomadix I/P: &UI=009db4&MA=68C44D72C371&OS=http://www.google.com&UURL=http://192.168.0.250:1111&RN=10
----------------------- MAC: 68C44D72C371
----------------------- Device Type: LAPTOP
----------------------- LogId: 68C44D72C37116032018145838224
----------------------- Idendified String: Mozilla/5.0 (Windows NT 6.1; Win64; x64; rv:58.0) Gecko/20100101 Firefox/58.0

3/16/2018 2:58:56 PM -- Landed Page: Mifilogin page
----------------------- Nomadix I/P: &UI=009db4&MA=68C44D72C371&OS=http://www.google.com&UURL=http://192.168.0.250:1111&RN=10
----------------------- MAC: 68C44D72C371
----------------------- Device Type: LAPTOP
----------------------- LogId: 68C44D72C37116032018145856139
----------------------- Idendified String: Mozilla/5.0 (Windows NT 6.1; Win64; x64; rv:58.0) Gecko/20100101 Firefox/58.0

3/16/2018 2:59:05 PM -- Landed Page: Mifilogin page
----------------------- Nomadix I/P: &UI=009db4&MA=68C44D72C371&OS=http://www.google.com&UURL=http://192.168.0.250:1111&RN=10
----------------------- MAC: 68C44D72C371
----------------------- Device Type: LAPTOP
----------------------- LogId: 68C44D72C37116032018145905816
----------------------- Idendified String: Mozilla/5.0 (Windows NT 6.1; Win64; x64; rv:58.0) Gecko/20100101 Firefox/58.0

3/16/2018 2:59:20 PM -- Landed Page: Mifilogin page
----------------------- Nomadix I/P: &UI=009db4&MA=68C44D72C371&OS=http://www.google.com&UURL=http://192.168.0.250:1111&RN=10
----------------------- MAC: 68C44D72C371
----------------------- Device Type: LAPTOP
----------------------- LogId: 68C44D72C37116032018145920493
----------------------- Idendified String: Mozilla/5.0 (Windows NT 6.1; Win64; x64; rv:58.0) Gecko/20100101 Firefox/58.0

3/16/2018 3:00:18 PM -- Landed Page: Mifilogin page
----------------------- Nomadix I/P: &UI=009db4&MA=68C44D72C371&OS=http://www.google.com&UURL=http://192.168.0.250:1111&RN=10
----------------------- MAC: 68C44D72C371
----------------------- Device Type: LAPTOP
----------------------- LogId: 68C44D72C37116032018150018599
----------------------- Idendified String: Mozilla/5.0 (Windows NT 6.1; Win64; x64; rv:58.0) Gecko/20100101 Firefox/58.0

3/16/2018 3:01:00 PM -- Landed Page: Mifilogin page
----------------------- Nomadix I/P: &UI=009db4&MA=68C44D72C371&OS=http://www.google.com&UURL=http://192.168.0.250:1111&RN=10
----------------------- MAC: 68C44D72C371
----------------------- Device Type: LAPTOP
----------------------- LogId: 68C44D72C37116032018150100626
----------------------- Idendified String: Mozilla/5.0 (Windows NT 6.1; Win64; x64; rv:58.0) Gecko/20100101 Firefox/58.0

3/16/2018 3:12:43 PM -- Landed Page: Mifilogin page
----------------------- Nomadix I/P: &UI=009db4&MA=68C44D72C371&OS=http://www.google.com&UURL=http://192.168.0.250:1111&RN=10
----------------------- MAC: 68C44D72C371
----------------------- Device Type: LAPTOP
----------------------- LogId: 68C44D72C37116032018151243383
----------------------- Idendified String: Mozilla/5.0 (Windows NT 6.1; Win64; x64; rv:58.0) Gecko/20100101 Firefox/58.0

3/16/2018 3:12:50 PM -- Landed Page: Mifilogin page
----------------------- Nomadix I/P: &UI=009db4&MA=68C44D72C371&OS=http://www.google.com&UURL=http://192.168.0.250:1111&RN=10
----------------------- MAC: 68C44D72C371
----------------------- Device Type: LAPTOP
----------------------- LogId: 68C44D72C37116032018151250642
----------------------- Idendified String: Mozilla/5.0 (Windows NT 6.1; Win64; x64; rv:58.0) Gecko/20100101 Firefox/58.0

3/16/2018 3:13:15 PM -- Landed Page: Mifilogin page
----------------------- Nomadix I/P: &UI=009db4&MA=68C44D72C371&OS=http://www.google.com&UURL=http://192.168.0.250:1111&RN=10
----------------------- MAC: 68C44D72C371
----------------------- Device Type: LAPTOP
----------------------- LogId: 68C44D72C37116032018151315414
----------------------- Idendified String: Mozilla/5.0 (Windows NT 6.1; Win64; x64; rv:58.0) Gecko/20100101 Firefox/58.0

3/16/2018 3:13:22 PM -- Landed Page: Mifilogin page
----------------------- Nomadix I/P: &UI=009db4&MA=68C44D72C371&OS=http://www.google.com&UURL=http://192.168.0.250:1111&RN=10
----------------------- MAC: 68C44D72C371
----------------------- Device Type: LAPTOP
----------------------- LogId: 68C44D72C37116032018151322278
----------------------- Idendified String: Mozilla/5.0 (Windows NT 6.1; Win64; x64; rv:58.0) Gecko/20100101 Firefox/58.0

3/16/2018 3:13:38 PM -- Landed Page: Mifilogin page
----------------------- Nomadix I/P: &UI=009db4&MA=68C44D72C371&OS=http://www.google.com&UURL=http://192.168.0.250:1111&RN=10
----------------------- MAC: 68C44D72C371
----------------------- Device Type: LAPTOP
----------------------- LogId: 68C44D72C37116032018151338582
----------------------- Idendified String: Mozilla/5.0 (Windows NT 6.1; Win64; x64; rv:58.0) Gecko/20100101 Firefox/58.0

3/16/2018 3:15:26 PM -- Landed Page: Mifilogin page
----------------------- Nomadix I/P: &UI=009db4&MA=68C44D72C371&OS=http://www.google.com&UURL=http://192.168.0.250:1111&RN=10
----------------------- MAC: 68C44D72C371
----------------------- Device Type: LAPTOP
----------------------- LogId: 68C44D72C37116032018151526835
----------------------- Idendified String: Mozilla/5.0 (Windows NT 6.1; Win64; x64; rv:58.0) Gecko/20100101 Firefox/58.0

3/16/2018 3:22:58 PM -- Landed Page: Mifilogin page
----------------------- Nomadix I/P: &UI=009db4&MA=68C44D72C371&OS=http://www.google.com&UURL=http://192.168.0.250:1111&RN=10
----------------------- MAC: 68C44D72C371
----------------------- Device Type: LAPTOP
----------------------- LogId: 68C44D72C37116032018152258289
----------------------- Idendified String: Mozilla/5.0 (Windows NT 6.1; Win64; x64; rv:58.0) Gecko/20100101 Firefox/58.0

3/16/2018 3:23:20 PM -- Landed Page: Mifilogin page
----------------------- Nomadix I/P: &UI=009db4&MA=68C44D72C371&OS=http://www.google.com&UURL=http://192.168.0.250:1111&RN=10
----------------------- MAC: 68C44D72C371
----------------------- Device Type: LAPTOP
----------------------- LogId: 68C44D72C37116032018152320029
----------------------- Idendified String: Mozilla/5.0 (Windows NT 6.1; Win64; x64; rv:58.0) Gecko/20100101 Firefox/58.0

3/16/2018 3:25:23 PM -- Landed Page: Mifilogin page
----------------------- Nomadix I/P: &UI=009db4&MA=68C44D72C371&OS=http://www.google.com&UURL=http://192.168.0.250:1111&RN=10
----------------------- MAC: 68C44D72C371
----------------------- Device Type: LAPTOP
----------------------- LogId: 68C44D72C37116032018152523311
----------------------- Idendified String: Mozilla/5.0 (Windows NT 6.1; Win64; x64; rv:58.0) Gecko/20100101 Firefox/58.0

3/16/2018 5:03:22 PM -- Landed Page: Mifilogin page
----------------------- Nomadix I/P: &UI=009db4&MA=68C44D72C371&OS=http://www.google.com&UURL=http://192.168.0.250:1111&RN=10
----------------------- MAC: 68C44D72C371
----------------------- Device Type: LAPTOP
----------------------- LogId: 68C44D72C37116032018170322135
----------------------- Idendified String: Mozilla/5.0 (Windows NT 6.1; Win64; x64; rv:58.0) Gecko/20100101 Firefox/58.0

3/16/2018 5:15:48 PM -- Landed Page: Mifilogin page
----------------------- Nomadix I/P: &UI=009db4&MA=68C44D72C371&OS=http://www.google.com&UURL=http://192.168.0.250:1111&RN=10
----------------------- MAC: 68C44D72C371
----------------------- Device Type: LAPTOP
----------------------- LogId: 68C44D72C37116032018171548483
----------------------- Idendified String: Mozilla/5.0 (Windows NT 6.1; Win64; x64; rv:58.0) Gecko/20100101 Firefox/58.0

3/16/2018 5:15:56 PM -- Landed Page: PlanSelectionPayAll Page -- Room No:911 -- MAC:68C44D72C371

3/16/2018 5:16:02 PM -- Landed Page: CreatePassword Page -- Room No:911 -- MAC:68C44D72C371

3/16/2018 5:16:29 PM -- Landed Page: PostLogin Page -- Room No:911 -- MAC:68C44D72C371
