
1/29/2018 4:56:55 PM -- Landed Page: Mifilogin page
----------------------- Nomadix I/P: &UI=009db4&MA=68C44D72C371&OS=http://www.google.com&UURL=http://192.168.0.250:1111&RN=10
----------------------- MAC: 68C44D72C371
----------------------- Device Type: LAPTOP
----------------------- LogId: 68C44D72C37129012018165654858
----------------------- Idendified String: Mozilla/5.0 (Windows NT 6.1; Win64; x64; rv:57.0) Gecko/20100101 Firefox/57.0
1/29/2018 4:56:55 PM -- Redirect to BC MAC URL, MAC :68C44D72C371

1/29/2018 4:57:22 PM -- Landed Page: Mifilogin page
----------------------- Nomadix I/P: &UI=009db4&MA=68C44D72C371&OS=http://www.google.com&UURL=http://192.168.0.250:1111&RN=10
----------------------- MAC: 68C44D72C371
----------------------- Device Type: LAPTOP
----------------------- LogId: 68C44D72C37129012018165722220
----------------------- Idendified String: Mozilla/5.0 (Windows NT 6.1; Win64; x64; rv:57.0) Gecko/20100101 Firefox/57.0

1/29/2018 6:04:25 PM -- Landed Page: Mifilogin page
----------------------- Nomadix I/P: &UI=009db4&MA=68C44D72C371&OS=http://www.google.com&UURL=http://192.168.0.250:1111&RN=10
----------------------- MAC: 68C44D72C371
----------------------- Device Type: LAPTOP
----------------------- LogId: 68C44D72C37129012018180425503
----------------------- Idendified String: Mozilla/5.0 (Windows NT 6.1; Win64; x64; rv:57.0) Gecko/20100101 Firefox/57.0

1/29/2018 6:06:09 PM -- Landed Page: Mifilogin page
----------------------- Nomadix I/P: &UI=009db4&MA=68C44D72C371&OS=http://www.google.com&UURL=http://192.168.0.250:1111&RN=10
----------------------- MAC: 68C44D72C371
----------------------- Device Type: LAPTOP
----------------------- LogId: 68C44D72C37129012018180508720
----------------------- Idendified String: Mozilla/5.0 (Windows NT 6.1; Win64; x64; rv:57.0) Gecko/20100101 Firefox/57.0

1/29/2018 6:08:43 PM -- Landed Page: Mifilogin page
----------------------- Nomadix I/P: &UI=009db4&MA=68C44D72C371&OS=http://www.google.com&UURL=http://192.168.0.250:1111&RN=10
----------------------- MAC: 68C44D72C371
----------------------- Device Type: LAPTOP
----------------------- LogId: 68C44D72C37129012018180627503
----------------------- Idendified String: Mozilla/5.0 (Windows NT 6.1; Win64; x64; rv:57.0) Gecko/20100101 Firefox/57.0

1/29/2018 6:09:30 PM -- Landed Page: Mifilogin page
----------------------- Nomadix I/P: &UI=009db4&MA=68C44D72C371&OS=http://www.google.com&UURL=http://192.168.0.250:1111&RN=10
----------------------- MAC: 68C44D72C371
----------------------- Device Type: LAPTOP
----------------------- LogId: 68C44D72C37129012018180914880
----------------------- Idendified String: Mozilla/5.0 (Windows NT 6.1; Win64; x64; rv:57.0) Gecko/20100101 Firefox/57.0

1/29/2018 6:11:28 PM -- Landed Page: Mifilogin page
----------------------- Nomadix I/P: &UI=009db4&MA=68C44D72C371&OS=http://www.google.com&UURL=http://192.168.0.250:1111&RN=10
----------------------- MAC: 68C44D72C371
----------------------- Device Type: LAPTOP
----------------------- LogId: 68C44D72C37129012018181057835
----------------------- Idendified String: Mozilla/5.0 (Windows NT 6.1; Win64; x64; rv:57.0) Gecko/20100101 Firefox/57.0

1/29/2018 6:43:54 PM -- Landed Page: Mifilogin page
----------------------- Nomadix I/P: &UI=009db4&MA=68C44D72C371&OS=http://www.google.com&UURL=http://192.168.0.250:1111&RN=10
----------------------- MAC: 68C44D72C371
----------------------- Device Type: LAPTOP
----------------------- LogId: 68C44D72C37129012018184319135
----------------------- Idendified String: Mozilla/5.0 (Windows NT 6.1; Win64; x64; rv:57.0) Gecko/20100101 Firefox/57.0

1/29/2018 7:40:55 PM -- Landed Page: Mifilogin page
----------------------- Nomadix I/P: &UI=009db4&MA=68C44D72C371&OS=http://www.google.com&UURL=http://192.168.0.250:1111&RN=10
----------------------- MAC: 68C44D72C371
----------------------- Device Type: LAPTOP
----------------------- LogId: 68C44D72C37129012018194055727
----------------------- Idendified String: Mozilla/5.0 (Windows NT 6.1; Win64; x64; rv:57.0) Gecko/20100101 Firefox/57.0

1/29/2018 7:43:22 PM -- Landed Page: Mifilogin page
----------------------- Nomadix I/P: &UI=009db4&MA=68C44D72C371&OS=http://www.google.com&UURL=http://192.168.0.250:1111&RN=10
----------------------- MAC: 68C44D72C371
----------------------- Device Type: LAPTOP
----------------------- LogId: 68C44D72C37129012018194321936
----------------------- Idendified String: Mozilla/5.0 (Windows NT 6.1; Win64; x64; rv:57.0) Gecko/20100101 Firefox/57.0

1/29/2018 7:44:16 PM -- Landed Page: Mifilogin page
----------------------- Nomadix I/P: &UI=009db4&MA=68C44D72C371&OS=http://www.google.com&UURL=http://192.168.0.250:1111&RN=10
----------------------- MAC: 68C44D72C371
----------------------- Device Type: LAPTOP
----------------------- LogId: 68C44D72C37129012018194416284
----------------------- Idendified String: Mozilla/5.0 (Windows NT 6.1; Win64; x64; rv:57.0) Gecko/20100101 Firefox/57.0
