1/5/2018 11:51:52 AM--Error Message : Index and length must refer to a location within the string.
Parameter name: length
------------------Error Source : mscorlib
------------------Error StackTrace :    at System.String.InternalSubStringWithChecks(Int32 startIndex, Int32 length, Boolean fAlwaysCopy)
   at System.String.Substring(Int32 startIndex, Int32 length)
   at mpl.Taj.UserDetails.Page_Load(Object sender, EventArgs e) in F:\Hotel projects\Taj\Taj Latest\WebApp\Version6\UserDetails.aspx.vb:line 160

1/5/2018 11:52:35 AM--Error Message : Index and length must refer to a location within the string.
Parameter name: length
------------------Error Source : mscorlib
------------------Error StackTrace :    at System.String.InternalSubStringWithChecks(Int32 startIndex, Int32 length, Boolean fAlwaysCopy)
   at System.String.Substring(Int32 startIndex, Int32 length)
   at mpl.Taj.UserDetails.Page_Load(Object sender, EventArgs e) in F:\Hotel projects\Taj\Taj Latest\WebApp\Version6\UserDetails.aspx.vb:line 160

1/5/2018 11:59:27 AM--Error Message : Index and length must refer to a location within the string.
Parameter name: length
------------------Error Source : mscorlib
------------------Error StackTrace :    at System.String.InternalSubStringWithChecks(Int32 startIndex, Int32 length, Boolean fAlwaysCopy)
   at System.String.Substring(Int32 startIndex, Int32 length)
   at mpl.Taj.UserDetails.Page_Load(Object sender, EventArgs e) in F:\Hotel projects\Taj\Taj Latest\WebApp\Version6\UserDetails.aspx.vb:line 160

1/5/2018 11:59:46 AM--Error Message : Index and length must refer to a location within the string.
Parameter name: length
------------------Error Source : mscorlib
------------------Error StackTrace :    at System.String.InternalSubStringWithChecks(Int32 startIndex, Int32 length, Boolean fAlwaysCopy)
   at System.String.Substring(Int32 startIndex, Int32 length)
   at mpl.Taj.UserDetails.Page_Load(Object sender, EventArgs e) in F:\Hotel projects\Taj\Taj Latest\WebApp\Version6\UserDetails.aspx.vb:line 160

