
11/6/2017 12:24:14 PM -- Landed Page: Mifilogin page
----------------------- Nomadix I/P: &UI=009db4&MA=68C44D72C371&OS=http://www.google.com&UURL=http://192.168.0.250:1111&RN=10
----------------------- MAC: 68C44D72C371
----------------------- Device Type: LAPTOP
----------------------- LogId: 68C44D72C37106112017122414662
----------------------- Idendified String: Mozilla/5.0 (Windows NT 6.1; Win64; x64; rv:56.0) Gecko/20100101 Firefox/56.0

11/6/2017 12:24:23 PM -- Landed Page: PlanSelectionPayAll Page -- Room No:911 -- MAC:68C44D72C371

11/6/2017 12:24:33 PM -- Landed Page: CreatePassword Page -- Room No:911 -- MAC:68C44D72C371

11/6/2017 12:25:04 PM -- Landed Page: PostLogin Page -- Room No:911 -- MAC:68C44D72C371

11/6/2017 12:26:45 PM -- Landed Page: Mifilogin page
----------------------- Nomadix I/P: &UI=009db4&MA=68C44D72C371&OS=http://www.google.com&UURL=http://192.168.0.250:1111&RN=10
----------------------- MAC: 68C44D72C371
----------------------- Device Type: LAPTOP
----------------------- LogId: 68C44D72C37106112017122645460
----------------------- Idendified String: Mozilla/5.0 (Windows NT 6.1; Win64; x64; rv:56.0) Gecko/20100101 Firefox/56.0

11/6/2017 12:27:19 PM -- Landed Page: CheckPassword Page -- Room No:911 -- MAC:68C44D72C371

11/6/2017 12:27:26 PM -- Landed Page: PostLogin Page -- Room No:911 -- MAC:68C44D72C371

11/6/2017 12:28:14 PM -- Landed Page: Mifilogin page
----------------------- Nomadix I/P: &UI=009db4&MA=3C91573F12F7&OS=http://www.google.com&UURL=http://192.168.0.250:1111&RN=10
----------------------- MAC: 3C91573F12F7
----------------------- Device Type: LAPTOP
----------------------- LogId: 3C91573F12F706112017122814381
----------------------- Idendified String: Mozilla/5.0 (Windows NT 6.1; Win64; x64; rv:56.0) Gecko/20100101 Firefox/56.0

11/6/2017 12:28:23 PM -- Landed Page: CheckPassword Page -- Room No:911 -- MAC:3C91573F12F7

11/6/2017 12:28:28 PM -- Landed Page: PostLogin Page -- Room No:911 -- MAC:3C91573F12F7

11/6/2017 12:29:00 PM -- Landed Page: Mifilogin page
----------------------- Nomadix I/P: &UI=009db4&MA=3C91573F12F7&OS=http://www.google.com&UURL=http://192.168.0.250:1111&RN=10
----------------------- MAC: 3C91573F12F7
----------------------- Device Type: LAPTOP
----------------------- LogId: 3C91573F12F706112017122900276
----------------------- Idendified String: Mozilla/5.0 (Windows NT 6.1; Win64; x64; rv:56.0) Gecko/20100101 Firefox/56.0

11/6/2017 12:29:31 PM -- Landed Page: CheckPassword Page -- Room No:911 -- MAC:3C91573F12F7

11/6/2017 12:29:37 PM -- Landed Page: PostLogin Page -- Room No:911 -- MAC:3C91573F12F7

11/6/2017 12:31:03 PM -- Landed Page: Mifilogin page
----------------------- Nomadix I/P: &UI=009db4&MA=3C91573F12F7&OS=http://www.google.com&UURL=http://192.168.0.250:1111&RN=10
----------------------- MAC: 3C91573F12F7
----------------------- Device Type: LAPTOP
----------------------- LogId: 3C91573F12F706112017123103834
----------------------- Idendified String: Mozilla/5.0 (Windows NT 6.1; Win64; x64; rv:56.0) Gecko/20100101 Firefox/56.0

11/6/2017 12:31:22 PM -- Landed Page: PlanSelectionPayAll Page -- Room No:911 -- MAC:3C91573F12F7

11/6/2017 12:31:29 PM -- Landed Page: CheckPassword Page -- Room No:911 -- MAC:3C91573F12F7

11/6/2017 12:31:37 PM -- Landed Page: PostLogin Page -- Room No:911 -- MAC:3C91573F12F7

11/6/2017 12:32:31 PM -- Landed Page: Mifilogin page
----------------------- Nomadix I/P: &UI=009db4&MA=68C44D72C371&OS=http://www.google.com&UURL=http://192.168.0.250:1111&RN=10
----------------------- MAC: 68C44D72C371
----------------------- Device Type: LAPTOP
----------------------- LogId: 68C44D72C37106112017123231702
----------------------- Idendified String: Mozilla/5.0 (Windows NT 6.1; Win64; x64; rv:56.0) Gecko/20100101 Firefox/56.0

11/6/2017 12:33:00 PM -- Landed Page: CheckPassword Page -- Room No:911 -- MAC:68C44D72C371

11/6/2017 12:33:06 PM -- Landed Page: PostLogin Page -- Room No:911 -- MAC:68C44D72C371

11/6/2017 12:34:05 PM -- Landed Page: Mifilogin page
----------------------- Nomadix I/P: &UI=009db4&MA=68C44D72C371&OS=http://www.google.com&UURL=http://192.168.0.250:1111&RN=10
----------------------- MAC: 68C44D72C371
----------------------- Device Type: LAPTOP
----------------------- LogId: 68C44D72C37106112017123405056
----------------------- Idendified String: Mozilla/5.0 (Windows NT 6.1; Win64; x64; rv:56.0) Gecko/20100101 Firefox/56.0

11/6/2017 12:34:15 PM -- Landed Page: CheckPassword Page -- Room No:911 -- MAC:68C44D72C371

11/6/2017 12:34:20 PM -- Landed Page: UserError Page
------------------------ Error Code: 32

11/6/2017 12:34:22 PM -- Landed Page: CheckPassword Page -- Room No:911 -- MAC:68C44D72C371

11/6/2017 12:34:29 PM -- Landed Page: PostLogin Page -- Room No:911 -- MAC:68C44D72C371
