8/2/2017 12:36:13 PM --  Entered Room Number as : 911 -- Entered Last Name as : test

8/2/2017 12:36:13 PM ---- Number of Stay:-38

8/2/2017 12:36:13 PM ==== Authentication Started ==================
--------------------  Room Number: 911
--------------------  Last Name: test
--------------------  MAC: 68C44D72C371
--------------------  Auth. Status: SUCCESS
8/2/2017 12:36:13 PM ==== Authentication Finished =================


8/2/2017 12:36:17 PM -- Process Initialized -- MAC: 68C44D72C371
8/2/2017 12:36:17 PM -- Process Return code: 0 -- MAC: 68C44D72C371
8/2/2017 12:36:17 PM ---- Number of Stay:-38

8/2/2017 12:36:17 PM ==== Authentication Started ==================
--------------------  Room Number: 911
--------------------  Last Name: test
--------------------  MAC: 68C44D72C371
--------------------  Auth. Status: SUCCESS
8/2/2017 12:36:17 PM ==== Authentication Finished =================


8/2/2017 12:36:17 PM -- Process Completed -- MAC: 68C44D72C371
------------------------ END Login from Process -- MAC: 68C44D72C371

8/2/2017 12:36:17 PM -- PMS Response: CREATE SECURE PWD
