
1/22/2018 12:04:56 PM -- Landed Page: Mifilogin page
----------------------- Nomadix I/P: &UI=009db4&MA=68C44D72C371&OS=http://www.google.com&UURL=http://192.168.0.250:1111&RN=10
----------------------- MAC: 68C44D72C371
----------------------- Device Type: LAPTOP
----------------------- LogId: 68C44D72C37122012018120448964
----------------------- Idendified String: Mozilla/5.0 (Windows NT 6.1; Win64; x64; rv:57.0) Gecko/20100101 Firefox/57.0

1/22/2018 12:08:15 PM -- Landed Page: Mifilogin page
----------------------- Nomadix I/P: &UI=009db4&MA=68C44D72C371&OS=http://www.google.com&UURL=http://192.168.0.250:1111&RN=10
----------------------- MAC: 68C44D72C371
----------------------- Device Type: LAPTOP
----------------------- LogId: 68C44D72C37122012018120809860
----------------------- Idendified String: Mozilla/5.0 (Windows NT 6.1; Win64; x64; rv:57.0) Gecko/20100101 Firefox/57.0

1/22/2018 12:17:38 PM -- Landed Page: Mifilogin page
----------------------- Nomadix I/P: &UI=009db4&MA=68C44D72C371&OS=http://www.google.com&UURL=http://192.168.0.250:1111&RN=10
----------------------- MAC: 68C44D72C371
----------------------- Device Type: LAPTOP
----------------------- LogId: 68C44D72C37122012018121738903
----------------------- Idendified String: Mozilla/5.0 (Windows NT 6.1; Win64; x64; rv:57.0) Gecko/20100101 Firefox/57.0

1/22/2018 12:18:04 PM -- Landed Page: Mifilogin page
----------------------- Nomadix I/P: &UI=009db4&MA=68C44D72C371&OS=http://www.google.com&UURL=http://192.168.0.250:1111&RN=10
----------------------- MAC: 68C44D72C371
----------------------- Device Type: LAPTOP
----------------------- LogId: 68C44D72C37122012018121804950
----------------------- Idendified String: Mozilla/5.0 (Windows NT 6.1; Win64; x64; rv:57.0) Gecko/20100101 Firefox/57.0

1/22/2018 12:20:01 PM -- Landed Page: Mifilogin page
----------------------- Nomadix I/P: &UI=009db4&MA=68C44D72C371&OS=http://www.google.com&UURL=http://192.168.0.250:1111&RN=10
----------------------- MAC: 68C44D72C371
----------------------- Device Type: LAPTOP
----------------------- LogId: 68C44D72C37122012018122001328
----------------------- Idendified String: Mozilla/5.0 (Windows NT 6.1; Win64; x64; rv:57.0) Gecko/20100101 Firefox/57.0

1/22/2018 12:20:13 PM -- Landed Page: Mifilogin page
----------------------- Nomadix I/P: &UI=009db4&MA=68C44D72C371&OS=http://www.google.com&UURL=http://192.168.0.250:1111&RN=10
----------------------- MAC: 68C44D72C371
----------------------- Device Type: LAPTOP
----------------------- LogId: 68C44D72C37122012018122013250
----------------------- Idendified String: Mozilla/5.0 (Windows NT 6.1; Win64; x64; rv:57.0) Gecko/20100101 Firefox/57.0

1/22/2018 12:21:03 PM -- Landed Page: Mifilogin page
----------------------- Nomadix I/P: &UI=009db4&MA=68C44D72C371&OS=http://www.google.com&UURL=http://192.168.0.250:1111&RN=10
----------------------- MAC: 68C44D72C371
----------------------- Device Type: LAPTOP
----------------------- LogId: 68C44D72C37122012018122103597
----------------------- Idendified String: Mozilla/5.0 (Windows NT 6.1; Win64; x64; rv:57.0) Gecko/20100101 Firefox/57.0

1/22/2018 12:21:58 PM -- Landed Page: Mifilogin page
----------------------- Nomadix I/P: &UI=009db4&MA=68C44D72C371&OS=http://www.google.com&UURL=http://192.168.0.250:1111&RN=10
----------------------- MAC: 68C44D72C371
----------------------- Device Type: LAPTOP
----------------------- LogId: 68C44D72C37122012018122158956
----------------------- Idendified String: Mozilla/5.0 (Windows NT 6.1; Win64; x64; rv:57.0) Gecko/20100101 Firefox/57.0

1/22/2018 12:22:07 PM -- Landed Page: Mifilogin page
----------------------- Nomadix I/P: &UI=009db4&MA=68C44D72C371&OS=http://www.google.com&UURL=http://192.168.0.250:1111&RN=10
----------------------- MAC: 68C44D72C371
----------------------- Device Type: LAPTOP
----------------------- LogId: 68C44D72C37122012018122207508
----------------------- Idendified String: Mozilla/5.0 (Windows NT 6.1; Win64; x64; rv:57.0) Gecko/20100101 Firefox/57.0

1/22/2018 12:22:13 PM -- Landed Page: Mifilogin page
----------------------- Nomadix I/P: &UI=009db4&MA=68C44D72C371&OS=http://www.google.com&UURL=http://192.168.0.250:1111&RN=10
----------------------- MAC: 68C44D72C371
----------------------- Device Type: LAPTOP
----------------------- LogId: 68C44D72C37122012018122213704
----------------------- Idendified String: Mozilla/5.0 (Windows NT 6.1; Win64; x64; rv:57.0) Gecko/20100101 Firefox/57.0

1/22/2018 12:22:35 PM -- Landed Page: Mifilogin page
----------------------- Nomadix I/P: &UI=009db4&MA=68C44D72C371&OS=http://www.google.com&UURL=http://192.168.0.250:1111&RN=10
----------------------- MAC: 68C44D72C371
----------------------- Device Type: LAPTOP
----------------------- LogId: 68C44D72C37122012018122235533
----------------------- Idendified String: Mozilla/5.0 (Windows NT 6.1; Win64; x64; rv:57.0) Gecko/20100101 Firefox/57.0

1/22/2018 12:50:01 PM -- Landed Page: Mifilogin page
----------------------- Nomadix I/P: &UI=009db4&MA=68C44D72C371&OS=http://www.google.com&UURL=http://192.168.0.250:1111&RN=10
----------------------- MAC: 68C44D72C371
----------------------- Device Type: LAPTOP
----------------------- LogId: 68C44D72C37122012018125001044
----------------------- Idendified String: Mozilla/5.0 (Windows NT 6.1; Win64; x64; rv:57.0) Gecko/20100101 Firefox/57.0

1/22/2018 12:50:47 PM -- Landed Page: Mifilogin page
----------------------- Nomadix I/P: &UI=009db4&MA=68C44D72C371&OS=http://www.google.com&UURL=http://192.168.0.250:1111&RN=10
----------------------- MAC: 68C44D72C371
----------------------- Device Type: LAPTOP
----------------------- LogId: 68C44D72C37122012018125033669
----------------------- Idendified String: Mozilla/5.0 (Windows NT 6.1; Win64; x64; rv:57.0) Gecko/20100101 Firefox/57.0

1/22/2018 12:51:54 PM -- Landed Page: Mifilogin page
----------------------- Nomadix I/P: &UI=009db4&MA=68C44D72C371&OS=http://www.google.com&UURL=http://192.168.0.250:1111&RN=10
----------------------- MAC: 68C44D72C371
----------------------- Device Type: LAPTOP
----------------------- LogId: 68C44D72C37122012018125147545
----------------------- Idendified String: Mozilla/5.0 (Windows NT 6.1; Win64; x64; rv:57.0) Gecko/20100101 Firefox/57.0

1/22/2018 12:53:05 PM -- Landed Page: Mifilogin page
----------------------- Nomadix I/P: &UI=009db4&MA=68C44D72C371&OS=http://www.google.com&UURL=http://192.168.0.250:1111&RN=10
----------------------- MAC: 68C44D72C371
----------------------- Device Type: LAPTOP
----------------------- LogId: 68C44D72C37122012018125305117
----------------------- Idendified String: Mozilla/5.0 (Windows NT 6.1; Win64; x64; rv:57.0) Gecko/20100101 Firefox/57.0

1/22/2018 1:13:25 PM -- Landed Page: Mifilogin page
----------------------- Nomadix I/P: &UI=009db4&MA=68C44D72C371&OS=http://www.google.com&UURL=http://192.168.0.250:1111&RN=10
----------------------- MAC: 68C44D72C371
----------------------- Device Type: LAPTOP
----------------------- LogId: 68C44D72C37122012018131324267
----------------------- Idendified String: Mozilla/5.0 (Windows NT 6.1; Win64; x64; rv:57.0) Gecko/20100101 Firefox/57.0

1/22/2018 1:14:12 PM -- Landed Page: Mifilogin page
----------------------- Nomadix I/P: &UI=009db4&MA=68C44D72C371&OS=http://www.google.com&UURL=http://192.168.0.250:1111&RN=10
----------------------- MAC: 68C44D72C371
----------------------- Device Type: LAPTOP
----------------------- LogId: 68C44D72C37122012018131412807
----------------------- Idendified String: Mozilla/5.0 (Windows NT 6.1; Win64; x64; rv:57.0) Gecko/20100101 Firefox/57.0

1/22/2018 1:15:12 PM -- Landed Page: Mifilogin page
----------------------- Nomadix I/P: &UI=009db4&MA=68C44D72C371&OS=http://www.google.com&UURL=http://192.168.0.250:1111&RN=10
----------------------- MAC: 68C44D72C371
----------------------- Device Type: LAPTOP
----------------------- LogId: 68C44D72C37122012018131512434
----------------------- Idendified String: Mozilla/5.0 (Windows NT 6.1; Win64; x64; rv:57.0) Gecko/20100101 Firefox/57.0

1/22/2018 1:17:25 PM -- Landed Page: Mifilogin page
----------------------- Nomadix I/P: &UI=009db4&MA=68C44D72C371&OS=http://www.google.com&UURL=http://192.168.0.250:1111&RN=10
----------------------- MAC: 68C44D72C371
----------------------- Device Type: LAPTOP
----------------------- LogId: 68C44D72C37122012018131725969
----------------------- Idendified String: Mozilla/5.0 (Windows NT 6.1; Win64; x64; rv:57.0) Gecko/20100101 Firefox/57.0

1/22/2018 1:18:58 PM -- Landed Page: Mifilogin page
----------------------- Nomadix I/P: &UI=009db4&MA=68C44D72C371&OS=http://www.google.com&UURL=http://192.168.0.250:1111&RN=10
----------------------- MAC: 68C44D72C371
----------------------- Device Type: LAPTOP
----------------------- LogId: 68C44D72C37122012018131858537
----------------------- Idendified String: Mozilla/5.0 (Windows NT 6.1; Win64; x64; rv:57.0) Gecko/20100101 Firefox/57.0

1/22/2018 1:21:11 PM -- Landed Page: Mifilogin page
----------------------- Nomadix I/P: &UI=009db4&MA=68C44D72C371&OS=http://www.google.com&UURL=http://192.168.0.250:1111&RN=10
----------------------- MAC: 68C44D72C371
----------------------- Device Type: LAPTOP
----------------------- LogId: 68C44D72C37122012018132111804
----------------------- Idendified String: Mozilla/5.0 (Windows NT 6.1; Win64; x64; rv:57.0) Gecko/20100101 Firefox/57.0

1/22/2018 1:26:35 PM -- Landed Page: Mifilogin page
----------------------- Nomadix I/P: &UI=009db4&MA=68C44D72C371&OS=http://www.google.com&UURL=http://192.168.0.250:1111&RN=10
----------------------- MAC: 68C44D72C371
----------------------- Device Type: LAPTOP
----------------------- LogId: 68C44D72C37122012018132635033
----------------------- Idendified String: Mozilla/5.0 (Windows NT 6.1; Win64; x64; rv:57.0) Gecko/20100101 Firefox/57.0

1/22/2018 1:32:09 PM -- Landed Page: Mifilogin page
----------------------- Nomadix I/P: &UI=009db4&MA=68C44D72C371&OS=http://www.google.com&UURL=http://192.168.0.250:1111&RN=10
----------------------- MAC: 68C44D72C371
----------------------- Device Type: LAPTOP
----------------------- LogId: 68C44D72C37122012018133209305
----------------------- Idendified String: Mozilla/5.0 (Windows NT 6.1; Win64; x64; rv:57.0) Gecko/20100101 Firefox/57.0

1/22/2018 1:33:34 PM -- Landed Page: Mifilogin page
----------------------- Nomadix I/P: &UI=009db4&MA=68C44D72C371&OS=http://www.google.com&UURL=http://192.168.0.250:1111&RN=10
----------------------- MAC: 68C44D72C371
----------------------- Device Type: LAPTOP
----------------------- LogId: 68C44D72C37122012018133334693
----------------------- Idendified String: Mozilla/5.0 (Windows NT 6.1; Win64; x64; rv:57.0) Gecko/20100101 Firefox/57.0

1/22/2018 1:35:47 PM -- Landed Page: Mifilogin page
----------------------- Nomadix I/P: &UI=009db4&MA=68C44D72C371&OS=http://www.google.com&UURL=http://192.168.0.250:1111&RN=10
----------------------- MAC: 68C44D72C371
----------------------- Device Type: LAPTOP
----------------------- LogId: 68C44D72C37122012018133521107
----------------------- Idendified String: Mozilla/5.0 (Windows NT 6.1; Win64; x64; rv:57.0) Gecko/20100101 Firefox/57.0

1/22/2018 1:36:47 PM -- Landed Page: Mifilogin page
----------------------- Nomadix I/P: &UI=009db4&MA=68C44D72C371&OS=http://www.google.com&UURL=http://192.168.0.250:1111&RN=10
----------------------- MAC: 68C44D72C371
----------------------- Device Type: LAPTOP
----------------------- LogId: 68C44D72C37122012018133646351
----------------------- Idendified String: Mozilla/5.0 (Windows NT 6.1; Win64; x64; rv:57.0) Gecko/20100101 Firefox/57.0

1/22/2018 1:38:01 PM -- Landed Page: Mifilogin page
----------------------- Nomadix I/P: &UI=009db4&MA=68C44D72C371&OS=http://www.google.com&UURL=http://192.168.0.250:1111&RN=10
----------------------- MAC: 68C44D72C371
----------------------- Device Type: LAPTOP
----------------------- LogId: 68C44D72C37122012018133801096
----------------------- Idendified String: Mozilla/5.0 (Windows NT 6.1; Win64; x64; rv:57.0) Gecko/20100101 Firefox/57.0

1/22/2018 1:39:29 PM -- Landed Page: Mifilogin page
----------------------- Nomadix I/P: &UI=009db4&MA=68C44D72C371&OS=http://www.google.com&UURL=http://192.168.0.250:1111&RN=10
----------------------- MAC: 68C44D72C371
----------------------- Device Type: LAPTOP
----------------------- LogId: 68C44D72C37122012018133928848
----------------------- Idendified String: Mozilla/5.0 (Windows NT 6.1; Win64; x64; rv:57.0) Gecko/20100101 Firefox/57.0

1/22/2018 1:40:54 PM -- Landed Page: Mifilogin page
----------------------- Nomadix I/P: &UI=009db4&MA=68C44D72C371&OS=http://www.google.com&UURL=http://192.168.0.250:1111&RN=10
----------------------- MAC: 68C44D72C371
----------------------- Device Type: LAPTOP
----------------------- LogId: 68C44D72C37122012018134054034
----------------------- Idendified String: Mozilla/5.0 (Windows NT 6.1; Win64; x64; rv:57.0) Gecko/20100101 Firefox/57.0

1/22/2018 1:43:10 PM -- Landed Page: Mifilogin page
----------------------- Nomadix I/P: &UI=009db4&MA=68C44D72C371&OS=http://www.google.com&UURL=http://192.168.0.250:1111&RN=10
----------------------- MAC: 68C44D72C371
----------------------- Device Type: LAPTOP
----------------------- LogId: 68C44D72C37122012018134310268
----------------------- Idendified String: Mozilla/5.0 (Windows NT 6.1; Win64; x64; rv:57.0) Gecko/20100101 Firefox/57.0

1/22/2018 1:43:38 PM -- Landed Page: Mifilogin page
----------------------- Nomadix I/P: &UI=009db4&MA=68C44D72C371&OS=http://www.google.com&UURL=http://192.168.0.250:1111&RN=10
----------------------- MAC: 68C44D72C371
----------------------- Device Type: LAPTOP
----------------------- LogId: 68C44D72C37122012018134338858
----------------------- Idendified String: Mozilla/5.0 (Windows NT 6.1; Win64; x64; rv:57.0) Gecko/20100101 Firefox/57.0

1/22/2018 1:44:10 PM -- Landed Page: Mifilogin page
----------------------- Nomadix I/P: &UI=009db4&MA=68C44D72C371&OS=http://www.google.com&UURL=http://192.168.0.250:1111&RN=10
----------------------- MAC: 68C44D72C371
----------------------- Device Type: LAPTOP
----------------------- LogId: 68C44D72C37122012018134410443
----------------------- Idendified String: Mozilla/5.0 (Windows NT 6.1; Win64; x64; rv:57.0) Gecko/20100101 Firefox/57.0

1/22/2018 1:45:53 PM -- Landed Page: Mifilogin page
----------------------- Nomadix I/P: &UI=009db4&MA=68C44D72C371&OS=http://www.google.com&UURL=http://192.168.0.250:1111&RN=10
----------------------- MAC: 68C44D72C371
----------------------- Device Type: LAPTOP
----------------------- LogId: 68C44D72C37122012018134553404
----------------------- Idendified String: Mozilla/5.0 (Windows NT 6.1; Win64; x64; rv:57.0) Gecko/20100101 Firefox/57.0

1/22/2018 1:46:39 PM -- Landed Page: PlanSelectionPayAll Page -- Room No:911 -- MAC:68C44D72C371

1/22/2018 2:45:06 PM -- Landed Page: Mifilogin page
----------------------- Nomadix I/P: &UI=009db4&MA=68C44D72C371&OS=http://www.google.com&UURL=http://192.168.0.250:1111&RN=10
----------------------- MAC: 68C44D72C371
----------------------- Device Type: LAPTOP
----------------------- LogId: 68C44D72C37122012018144506938
----------------------- Idendified String: Mozilla/5.0 (Windows NT 6.1; Win64; x64; rv:57.0) Gecko/20100101 Firefox/57.0

1/22/2018 2:46:20 PM -- Landed Page: Mifilogin page
----------------------- Nomadix I/P: &UI=009db4&MA=68C44D72C371&OS=http://www.google.com&UURL=http://192.168.0.250:1111&RN=10
----------------------- MAC: 68C44D72C371
----------------------- Device Type: LAPTOP
----------------------- LogId: 68C44D72C37122012018144620885
----------------------- Idendified String: Mozilla/5.0 (Windows NT 6.1; Win64; x64; rv:57.0) Gecko/20100101 Firefox/57.0

1/22/2018 2:46:41 PM -- Landed Page: Mifilogin page
----------------------- Nomadix I/P: &UI=009db4&MA=68C44D72C371&OS=http://www.google.com&UURL=http://192.168.0.250:1111&RN=10
----------------------- MAC: 68C44D72C371
----------------------- Device Type: LAPTOP
----------------------- LogId: 68C44D72C37122012018144641063
----------------------- Idendified String: Mozilla/5.0 (Windows NT 6.1; Win64; x64; rv:57.0) Gecko/20100101 Firefox/57.0

1/22/2018 2:49:12 PM -- Landed Page: Mifilogin page
----------------------- Nomadix I/P: &UI=009db4&MA=68C44D72C371&OS=http://www.google.com&UURL=http://192.168.0.250:1111&RN=10
----------------------- MAC: 68C44D72C371
----------------------- Device Type: LAPTOP
----------------------- LogId: 68C44D72C37122012018144912346
----------------------- Idendified String: Mozilla/5.0 (Windows NT 6.1; Win64; x64; rv:57.0) Gecko/20100101 Firefox/57.0

1/22/2018 2:49:29 PM -- Landed Page: Mifilogin page
----------------------- Nomadix I/P: &UI=009db4&MA=68C44D72C371&OS=http://www.google.com&UURL=http://192.168.0.250:1111&RN=10
----------------------- MAC: 68C44D72C371
----------------------- Device Type: LAPTOP
----------------------- LogId: 68C44D72C37122012018144929279
----------------------- Idendified String: Mozilla/5.0 (Windows NT 6.1; Win64; x64; rv:57.0) Gecko/20100101 Firefox/57.0

1/22/2018 2:51:53 PM -- Landed Page: Mifilogin page
----------------------- Nomadix I/P: &UI=009db4&MA=68C44D72C371&OS=http://www.google.com&UURL=http://192.168.0.250:1111&RN=10
----------------------- MAC: 68C44D72C371
----------------------- Device Type: LAPTOP
----------------------- LogId: 68C44D72C37122012018145153031
----------------------- Idendified String: Mozilla/5.0 (Windows NT 6.1; Win64; x64; rv:57.0) Gecko/20100101 Firefox/57.0

1/22/2018 2:56:33 PM -- Landed Page: Mifilogin page
----------------------- Nomadix I/P: &UI=009db4&MA=68C44D72C371&OS=http://www.google.com&UURL=http://192.168.0.250:1111&RN=10
----------------------- MAC: 68C44D72C371
----------------------- Device Type: LAPTOP
----------------------- LogId: 68C44D72C37122012018145524094
----------------------- Idendified String: Mozilla/5.0 (Windows NT 6.1; Win64; x64; rv:57.0) Gecko/20100101 Firefox/57.0

1/22/2018 3:00:33 PM -- Landed Page: Mifilogin page
----------------------- Nomadix I/P: &UI=009db4&MA=68C44D72C371&OS=http://www.google.com&UURL=http://192.168.0.250:1111&RN=10
----------------------- MAC: 68C44D72C371
----------------------- Device Type: LAPTOP
----------------------- LogId: 68C44D72C37122012018145922649
----------------------- Idendified String: Mozilla/5.0 (Windows NT 6.1; Win64; x64; rv:57.0) Gecko/20100101 Firefox/57.0

1/22/2018 3:05:21 PM -- Landed Page: Mifilogin page
----------------------- Nomadix I/P: &UI=009db4&MA=68C44D72C371&OS=http://www.google.com&UURL=http://192.168.0.250:1111&RN=10
----------------------- MAC: 68C44D72C371
----------------------- Device Type: LAPTOP
----------------------- LogId: 68C44D72C37122012018150436176
----------------------- Idendified String: Mozilla/5.0 (Windows NT 6.1; Win64; x64; rv:57.0) Gecko/20100101 Firefox/57.0

1/22/2018 3:12:11 PM -- Landed Page: Mifilogin page
----------------------- Nomadix I/P: &UI=009db4&MA=68C44D72C371&OS=http://www.google.com&UURL=http://192.168.0.250:1111&RN=10
----------------------- MAC: 68C44D72C371
----------------------- Device Type: LAPTOP
----------------------- LogId: 68C44D72C37122012018151158992
----------------------- Idendified String: Mozilla/5.0 (Windows NT 6.1; Win64; x64; rv:57.0) Gecko/20100101 Firefox/57.0

1/22/2018 3:14:19 PM -- Landed Page: Mifilogin page
----------------------- Nomadix I/P: &UI=009db4&MA=68C44D72C371&OS=http://www.google.com&UURL=http://192.168.0.250:1111&RN=10
----------------------- MAC: 68C44D72C371
----------------------- Device Type: LAPTOP
----------------------- LogId: 68C44D72C37122012018151418856
----------------------- Idendified String: Mozilla/5.0 (Windows NT 6.1; Win64; x64; rv:57.0) Gecko/20100101 Firefox/57.0
