
2/24/2018 3:34:39 PM -- Landed Page: Mifilogin page
----------------------- Nomadix I/P: &UI=009db4&MA=68C44D72C371&OS=http://www.google.com&UURL=http://192.168.0.250:1111&RN=10
----------------------- MAC: 68C44D72C371
----------------------- Device Type: LAPTOP
----------------------- LogId: 68C44D72C37124022018153439689
----------------------- Idendified String: Mozilla/5.0 (Windows NT 6.1; Win64; x64; rv:58.0) Gecko/20100101 Firefox/58.0

2/24/2018 3:34:52 PM -- Landed Page: PostLogin Page -- Room No:911 -- MAC:68C44D72C371

2/24/2018 3:36:02 PM -- Landed Page: UserError Page
------------------------ Error Code: 2

2/24/2018 3:36:20 PM -- Landed Page: Mifilogin page
----------------------- Nomadix I/P: &UI=009db4&MA=68C44D72C371&OS=http://www.google.com&UURL=http://192.168.0.250:1111&RN=10
----------------------- MAC: 68C44D72C371
----------------------- Device Type: LAPTOP
----------------------- LogId: 68C44D72C37124022018153620411
----------------------- Idendified String: Mozilla/5.0 (Windows NT 6.1; Win64; x64; rv:58.0) Gecko/20100101 Firefox/58.0

2/24/2018 3:36:22 PM -- Landed Page: Mifilogin page
----------------------- Nomadix I/P: &UI=009db4&MA=68C44D72C371&OS=http://www.google.com&UURL=http://192.168.0.250:1111&RN=10
----------------------- MAC: 68C44D72C371
----------------------- Device Type: LAPTOP
----------------------- LogId: 68C44D72C37124022018153622353
----------------------- Idendified String: Mozilla/5.0 (Windows NT 6.1; Win64; x64; rv:58.0) Gecko/20100101 Firefox/58.0

2/24/2018 3:36:40 PM -- Landed Page: PostLogin Page -- Room No:911 -- MAC:68C44D72C371

2/24/2018 3:38:23 PM -- Landed Page: PostLogin Page -- Room No:911 -- MAC:68C44D72C371

2/24/2018 3:42:37 PM -- Landed Page: Mifilogin page
----------------------- Nomadix I/P: &UI=009db4&MA=68C44D72C371&OS=http://www.google.com&UURL=http://192.168.0.250:1111&RN=10
----------------------- MAC: 68C44D72C371
----------------------- Device Type: LAPTOP
----------------------- LogId: 68C44D72C37124022018154237196
----------------------- Idendified String: Mozilla/5.0 (Windows NT 6.1; Win64; x64; rv:58.0) Gecko/20100101 Firefox/58.0

2/24/2018 3:42:50 PM -- Landed Page: PostLogin Page -- Room No:911 -- MAC:68C44D72C371

2/24/2018 3:48:30 PM -- Landed Page: Mifilogin page
----------------------- Nomadix I/P: &UI=009db4&MA=68C44D72C371&OS=http://www.google.com&UURL=http://192.168.0.250:1111&RN=10
----------------------- MAC: 68C44D72C371
----------------------- Device Type: LAPTOP
----------------------- LogId: 68C44D72C37124022018154830096
----------------------- Idendified String: Mozilla/5.0 (Windows NT 6.1; Win64; x64; rv:58.0) Gecko/20100101 Firefox/58.0

2/24/2018 3:50:12 PM -- Landed Page: PostLogin Page -- Room No:911 -- MAC:68C44D72C371

2/24/2018 3:52:26 PM -- Landed Page: Mifilogin page
----------------------- Nomadix I/P: &UI=009db4&MA=68C44D72C371&OS=http://www.google.com&UURL=http://192.168.0.250:1111&RN=10
----------------------- MAC: 68C44D72C371
----------------------- Device Type: LAPTOP
----------------------- LogId: 68C44D72C37124022018155226860
----------------------- Idendified String: Mozilla/5.0 (Windows NT 6.1; Win64; x64; rv:58.0) Gecko/20100101 Firefox/58.0

2/24/2018 3:52:37 PM -- Landed Page: PostLogin Page -- Room No:911 -- MAC:68C44D72C371

2/24/2018 3:53:43 PM -- Landed Page: Mifilogin page
----------------------- Nomadix I/P: &UI=009db4&MA=68C44D72C371&OS=http://www.google.com&UURL=http://192.168.0.250:1111&RN=10
----------------------- MAC: 68C44D72C371
----------------------- Device Type: LAPTOP
----------------------- LogId: 68C44D72C37124022018155343805
----------------------- Idendified String: Mozilla/5.0 (Windows NT 6.1; Win64; x64; rv:58.0) Gecko/20100101 Firefox/58.0

2/24/2018 3:54:21 PM -- Landed Page: UserError Page
------------------------ Error Code: 17

2/24/2018 3:54:51 PM -- Landed Page: UserError Page
------------------------ Error Code: 17
