1/10/2018 12:37:06 PM --  Entered Room Number as : 911 -- Entered Last Name as : test

1/10/2018 12:37:06 PM ---- Number of Stay:-6

1/10/2018 12:37:06 PM ==== Authentication Started ==================
--------------------  Room Number: 911
--------------------  Last Name: test
--------------------  MAC: 68C44D72C371
--------------------  Auth. Status: SUCCESS
1/10/2018 12:37:06 PM ==== Authentication Finished =================


1/10/2018 12:39:00 PM --  Entered Room Number as : 911 -- Entered Last Name as : test

1/10/2018 12:39:00 PM ---- Number of Stay:-6

1/10/2018 12:39:00 PM ==== Authentication Started ==================
--------------------  Room Number: 911
--------------------  Last Name: test
--------------------  MAC: 68C44D72C371
--------------------  Auth. Status: SUCCESS
1/10/2018 12:39:00 PM ==== Authentication Finished =================


1/10/2018 1:20:48 PM --  Entered Room Number as : 911 -- Entered Last Name as : test

1/10/2018 1:20:49 PM ---- Number of Stay:-6

1/10/2018 1:20:49 PM ==== Authentication Started ==================
--------------------  Room Number: 911
--------------------  Last Name: test
--------------------  MAC: 68C44D72C371
--------------------  Auth. Status: SUCCESS
1/10/2018 1:20:49 PM ==== Authentication Finished =================


1/10/2018 1:23:34 PM --  Entered Room Number as : 911 -- Entered Last Name as : test

1/10/2018 1:23:35 PM ---- Number of Stay:-6

1/10/2018 1:23:35 PM ==== Authentication Started ==================
--------------------  Room Number: 911
--------------------  Last Name: test
--------------------  MAC: 68C44D72C371
--------------------  Auth. Status: SUCCESS
1/10/2018 1:23:35 PM ==== Authentication Finished =================


1/10/2018 1:24:20 PM --  Entered Room Number as : 911 -- Entered Last Name as : test

1/10/2018 1:24:21 PM ---- Number of Stay:-6

1/10/2018 1:24:21 PM ==== Authentication Started ==================
--------------------  Room Number: 911
--------------------  Last Name: test
--------------------  MAC: 68C44D72C371
--------------------  Auth. Status: SUCCESS
1/10/2018 1:24:21 PM ==== Authentication Finished =================


1/10/2018 1:25:56 PM --  Entered Room Number as : 911 -- Entered Last Name as : test

1/10/2018 1:25:57 PM ---- Number of Stay:-6

1/10/2018 1:25:57 PM ==== Authentication Started ==================
--------------------  Room Number: 911
--------------------  Last Name: test
--------------------  MAC: 68C44D72C371
--------------------  Auth. Status: SUCCESS
1/10/2018 1:25:57 PM ==== Authentication Finished =================


1/10/2018 1:29:43 PM --  Entered Room Number as : 911 -- Entered Last Name as : test

1/10/2018 1:29:45 PM ---- Number of Stay:-6

1/10/2018 1:29:45 PM ==== Authentication Started ==================
--------------------  Room Number: 911
--------------------  Last Name: test
--------------------  MAC: 68C44D72C371
--------------------  Auth. Status: SUCCESS
1/10/2018 1:29:45 PM ==== Authentication Finished =================


1/10/2018 1:33:48 PM --  Entered Room Number as : 911 -- Entered Last Name as : test

1/10/2018 1:33:49 PM ---- Number of Stay:-6

1/10/2018 1:33:49 PM ==== Authentication Started ==================
--------------------  Room Number: 911
--------------------  Last Name: test
--------------------  MAC: 68C44D72C371
--------------------  Auth. Status: SUCCESS
1/10/2018 1:33:49 PM ==== Authentication Finished =================


1/10/2018 1:35:19 PM --  Entered Room Number as : 911 -- Entered Last Name as : test

1/10/2018 1:35:19 PM ---- Number of Stay:-6

1/10/2018 1:35:19 PM ==== Authentication Started ==================
--------------------  Room Number: 911
--------------------  Last Name: test
--------------------  MAC: 68C44D72C371
--------------------  Auth. Status: SUCCESS
1/10/2018 1:35:19 PM ==== Authentication Finished =================


1/10/2018 1:36:42 PM --  Entered Room Number as : 911 -- Entered Last Name as : test

1/10/2018 1:36:42 PM ---- Number of Stay:-6

1/10/2018 1:36:42 PM ==== Authentication Started ==================
--------------------  Room Number: 911
--------------------  Last Name: test
--------------------  MAC: 68C44D72C371
--------------------  Auth. Status: SUCCESS
1/10/2018 1:36:42 PM ==== Authentication Finished =================


1/10/2018 1:40:07 PM --  Entered Room Number as : 911 -- Entered Last Name as : test

1/10/2018 1:40:08 PM ---- Number of Stay:-6

1/10/2018 1:40:08 PM ==== Authentication Started ==================
--------------------  Room Number: 911
--------------------  Last Name: test
--------------------  MAC: 68C44D72C371
--------------------  Auth. Status: SUCCESS
1/10/2018 1:40:08 PM ==== Authentication Finished =================


1/10/2018 2:24:33 PM --  Entered Room Number as : 911 -- Entered Last Name as : test

1/10/2018 2:24:34 PM ---- Number of Stay:-6

1/10/2018 2:24:34 PM ==== Authentication Started ==================
--------------------  Room Number: 911
--------------------  Last Name: test
--------------------  MAC: 68C44D72C371
--------------------  Auth. Status: SUCCESS
1/10/2018 2:24:34 PM ==== Authentication Finished =================


1/10/2018 2:42:49 PM --  Entered Room Number as : 911 -- Entered Last Name as : test

1/10/2018 2:42:49 PM ---- Number of Stay:-6

1/10/2018 2:42:49 PM ==== Authentication Started ==================
--------------------  Room Number: 911
--------------------  Last Name: test
--------------------  MAC: 68C44D72C371
--------------------  Auth. Status: SUCCESS
1/10/2018 2:42:49 PM ==== Authentication Finished =================


1/10/2018 2:51:01 PM --  Entered Room Number as : 911 -- Entered Last Name as : test

1/10/2018 2:51:02 PM ---- Number of Stay:-6

1/10/2018 2:51:02 PM ==== Authentication Started ==================
--------------------  Room Number: 911
--------------------  Last Name: test
--------------------  MAC: 68C44D72C371
--------------------  Auth. Status: SUCCESS
1/10/2018 2:51:02 PM ==== Authentication Finished =================


1/10/2018 2:53:55 PM --  Entered Room Number as : 911 -- Entered Last Name as : test

1/10/2018 2:53:56 PM ---- Number of Stay:-6

1/10/2018 2:53:56 PM ==== Authentication Started ==================
--------------------  Room Number: 911
--------------------  Last Name: test
--------------------  MAC: 68C44D72C371
--------------------  Auth. Status: SUCCESS
1/10/2018 2:53:56 PM ==== Authentication Finished =================


1/10/2018 2:56:13 PM --  Entered Room Number as : 911 -- Entered Last Name as : test

1/10/2018 2:56:14 PM ---- Number of Stay:-6

1/10/2018 2:56:14 PM ==== Authentication Started ==================
--------------------  Room Number: 911
--------------------  Last Name: test
--------------------  MAC: 68C44D72C371
--------------------  Auth. Status: SUCCESS
1/10/2018 2:56:14 PM ==== Authentication Finished =================


1/10/2018 3:05:01 PM --  Entered Room Number as : 911 -- Entered Last Name as : test

1/10/2018 3:05:02 PM ---- Number of Stay:-6

1/10/2018 3:05:02 PM ==== Authentication Started ==================
--------------------  Room Number: 911
--------------------  Last Name: test
--------------------  MAC: 68C44D72C371
--------------------  Auth. Status: SUCCESS
1/10/2018 3:05:02 PM ==== Authentication Finished =================


1/10/2018 3:09:53 PM --  Entered Room Number as : 911 -- Entered Last Name as : test

1/10/2018 3:09:54 PM ---- Number of Stay:-6

1/10/2018 3:09:54 PM ==== Authentication Started ==================
--------------------  Room Number: 911
--------------------  Last Name: test
--------------------  MAC: 68C44D72C371
--------------------  Auth. Status: SUCCESS
1/10/2018 3:09:54 PM ==== Authentication Finished =================


1/10/2018 3:12:12 PM --  Entered Room Number as : 911 -- Entered Last Name as : test

1/10/2018 3:12:12 PM ---- Number of Stay:-6

1/10/2018 3:12:12 PM ==== Authentication Started ==================
--------------------  Room Number: 911
--------------------  Last Name: test
--------------------  MAC: 68C44D72C371
--------------------  Auth. Status: SUCCESS
1/10/2018 3:12:12 PM ==== Authentication Finished =================


1/10/2018 3:13:49 PM --  Entered Room Number as : 911 -- Entered Last Name as : test

1/10/2018 3:13:49 PM ---- Number of Stay:-6

1/10/2018 3:13:49 PM ==== Authentication Started ==================
--------------------  Room Number: 911
--------------------  Last Name: test
--------------------  MAC: 68C44D72C371
--------------------  Auth. Status: SUCCESS
1/10/2018 3:13:49 PM ==== Authentication Finished =================


1/10/2018 3:19:38 PM --  Entered Room Number as : 911 -- Entered Last Name as : test

1/10/2018 3:19:39 PM ---- Number of Stay:-6

1/10/2018 3:19:39 PM ==== Authentication Started ==================
--------------------  Room Number: 911
--------------------  Last Name: test
--------------------  MAC: 68C44D72C371
--------------------  Auth. Status: SUCCESS
1/10/2018 3:19:39 PM ==== Authentication Finished =================


1/10/2018 3:24:34 PM --  Entered Room Number as : 911 -- Entered Last Name as : test

1/10/2018 3:24:34 PM ---- Number of Stay:-6

1/10/2018 3:24:34 PM ==== Authentication Started ==================
--------------------  Room Number: 911
--------------------  Last Name: test
--------------------  MAC: 68C44D72C371
--------------------  Auth. Status: SUCCESS
1/10/2018 3:24:34 PM ==== Authentication Finished =================


1/10/2018 3:29:29 PM --  Entered Room Number as : 911 -- Entered Last Name as : test

1/10/2018 3:29:29 PM ---- Number of Stay:-6

1/10/2018 3:29:29 PM ==== Authentication Started ==================
--------------------  Room Number: 911
--------------------  Last Name: test
--------------------  MAC: 68C44D72C371
--------------------  Auth. Status: SUCCESS
1/10/2018 3:29:29 PM ==== Authentication Finished =================


