
1/10/2018 11:40:48 AM -- Landed Page: Mifilogin page
----------------------- Nomadix I/P: &UI=009db4&MA=68C44D72C371&OS=http://www.google.com&UURL=http://192.168.0.250:1111&RN=10
----------------------- MAC: 68C44D72C371
----------------------- Device Type: LAPTOP
----------------------- LogId: 68C44D72C37110012018114046144
----------------------- Idendified String: Mozilla/5.0 (Windows NT 6.1; Win64; x64; rv:57.0) Gecko/20100101 Firefox/57.0

1/10/2018 11:47:55 AM -- Landed Page: Mifilogin page
----------------------- Nomadix I/P: &UI=009db4&MA=68C44D72C371&OS=http://www.google.com&UURL=http://192.168.0.250:1111&RN=10
----------------------- MAC: 68C44D72C371
----------------------- Device Type: LAPTOP
----------------------- LogId: 68C44D72C37110012018114755679
----------------------- Idendified String: Mozilla/5.0 (Windows NT 6.1; Win64; x64; rv:57.0) Gecko/20100101 Firefox/57.0

1/10/2018 11:50:40 AM -- Landed Page: Mifilogin page
----------------------- Nomadix I/P: 
----------------------- MAC: 
----------------------- Device Type: LAPTOP
----------------------- LogId: 10012018115040635
----------------------- Idendified String: Mozilla/5.0 (Windows NT 6.1; Win64; x64; rv:57.0) Gecko/20100101 Firefox/57.0

1/10/2018 11:50:41 AM -- Landed Page: UserError Page
------------------------ Error Code: 9

1/10/2018 11:52:03 AM -- Landed Page: Mifilogin page
----------------------- Nomadix I/P: &UI=009db4&MA=68C44D72C371&OS=http://www.google.com&UURL=http://192.168.0.250:1111&RN=10
----------------------- MAC: 68C44D72C371
----------------------- Device Type: LAPTOP
----------------------- LogId: 68C44D72C37110012018115203083
----------------------- Idendified String: Mozilla/5.0 (Windows NT 6.1; Win64; x64; rv:57.0) Gecko/20100101 Firefox/57.0

1/10/2018 11:52:54 AM -- Landed Page: Mifilogin page
----------------------- Nomadix I/P: &UI=009db4&MA=68C44D72C371&OS=http://www.google.com&UURL=http://192.168.0.250:1111&RN=10
----------------------- MAC: 68C44D72C371
----------------------- Device Type: LAPTOP
----------------------- LogId: 68C44D72C37110012018115254660
----------------------- Idendified String: Mozilla/5.0 (Windows NT 6.1; Win64; x64; rv:57.0) Gecko/20100101 Firefox/57.0

1/10/2018 11:52:59 AM -- Landed Page: Mifilogin page
----------------------- Nomadix I/P: 
----------------------- MAC: 
----------------------- Device Type: LAPTOP
----------------------- LogId: 10012018115259675
----------------------- Idendified String: Mozilla/5.0 (Windows NT 6.1; Win64; x64; rv:57.0) Gecko/20100101 Firefox/57.0

1/10/2018 11:53:00 AM -- Landed Page: UserError Page
------------------------ Error Code: 9

1/10/2018 11:53:02 AM -- Landed Page: Mifilogin page
----------------------- Nomadix I/P: &UI=009db4&MA=68C44D72C371&OS=http://www.google.com&UURL=http://192.168.0.250:1111&RN=10
----------------------- MAC: 68C44D72C371
----------------------- Device Type: LAPTOP
----------------------- LogId: 68C44D72C37110012018115302199
----------------------- Idendified String: Mozilla/5.0 (Windows NT 6.1; Win64; x64; rv:57.0) Gecko/20100101 Firefox/57.0

1/10/2018 11:54:09 AM -- Landed Page: Mifilogin page
----------------------- Nomadix I/P: 
----------------------- MAC: 
----------------------- Device Type: LAPTOP
----------------------- LogId: 10012018115409197
----------------------- Idendified String: Mozilla/5.0 (Windows NT 6.1; Win64; x64; rv:57.0) Gecko/20100101 Firefox/57.0

1/10/2018 11:54:09 AM -- Landed Page: Mifilogin page
----------------------- Nomadix I/P: &UI=009db4&MA=68C44D72C371&OS=http://www.google.com&UURL=http://192.168.0.250:1111&RN=10
----------------------- MAC: 68C44D72C371
----------------------- Device Type: LAPTOP
----------------------- LogId: 68C44D72C37110012018115409321
----------------------- Idendified String: Mozilla/5.0 (Windows NT 6.1; Win64; x64; rv:57.0) Gecko/20100101 Firefox/57.0

1/10/2018 11:54:22 AM -- Landed Page: Mifilogin page
----------------------- Nomadix I/P: &UI=009db4&MA=68C44D72C371&OS=http://www.google.com&UURL=http://192.168.0.250:1111&RN=10
----------------------- MAC: 68C44D72C371
----------------------- Device Type: LAPTOP
----------------------- LogId: 68C44D72C37110012018115422840
----------------------- Idendified String: Mozilla/5.0 (Windows NT 6.1; Win64; x64; rv:57.0) Gecko/20100101 Firefox/57.0

1/10/2018 11:55:30 AM -- Landed Page: Mifilogin page
----------------------- Nomadix I/P: 
----------------------- MAC: 
----------------------- Device Type: LAPTOP
----------------------- LogId: 10012018115530056
----------------------- Idendified String: Mozilla/5.0 (Windows NT 6.1; Win64; x64; rv:57.0) Gecko/20100101 Firefox/57.0

1/10/2018 11:55:30 AM -- Landed Page: Mifilogin page
----------------------- Nomadix I/P: &UI=009db4&MA=68C44D72C371&OS=http://www.google.com&UURL=http://192.168.0.250:1111&RN=10
----------------------- MAC: 68C44D72C371
----------------------- Device Type: LAPTOP
----------------------- LogId: 68C44D72C37110012018115530571
----------------------- Idendified String: Mozilla/5.0 (Windows NT 6.1; Win64; x64; rv:57.0) Gecko/20100101 Firefox/57.0

1/10/2018 11:55:42 AM -- Landed Page: Mifilogin page
----------------------- Nomadix I/P: &UI=009db4&MA=68C44D72C371&OS=http://www.google.com&UURL=http://192.168.0.250:1111&RN=10
----------------------- MAC: 68C44D72C371
----------------------- Device Type: LAPTOP
----------------------- LogId: 68C44D72C37110012018115542260
----------------------- Idendified String: Mozilla/5.0 (Windows NT 6.1; Win64; x64; rv:57.0) Gecko/20100101 Firefox/57.0

1/10/2018 11:57:25 AM -- Landed Page: Mifilogin page
----------------------- Nomadix I/P: 
----------------------- MAC: 
----------------------- Device Type: LAPTOP
----------------------- LogId: 10012018115725168
----------------------- Idendified String: Mozilla/5.0 (Windows NT 6.1; Win64; x64; rv:57.0) Gecko/20100101 Firefox/57.0

1/10/2018 11:57:36 AM -- Landed Page: Mifilogin page
----------------------- Nomadix I/P: &UI=009db4&MA=68C44D72C371&OS=http://www.google.com&UURL=http://192.168.0.250:1111&RN=10
----------------------- MAC: 68C44D72C371
----------------------- Device Type: LAPTOP
----------------------- LogId: 68C44D72C37110012018115736499
----------------------- Idendified String: Mozilla/5.0 (Windows NT 6.1; Win64; x64; rv:57.0) Gecko/20100101 Firefox/57.0

1/10/2018 12:00:34 PM -- Landed Page: Mifilogin page
----------------------- Nomadix I/P: &UI=009db4&MA=68C44D72C371&OS=http://www.google.com&UURL=http://192.168.0.250:1111&RN=10
----------------------- MAC: 68C44D72C371
----------------------- Device Type: LAPTOP
----------------------- LogId: 68C44D72C37110012018120034950
----------------------- Idendified String: Mozilla/5.0 (Windows NT 6.1; Win64; x64; rv:57.0) Gecko/20100101 Firefox/57.0

1/10/2018 12:02:39 PM -- Landed Page: Mifilogin page
----------------------- Nomadix I/P: &UI=009db4&MA=68C44D72C371&OS=http://www.google.com&UURL=http://192.168.0.250:1111&RN=10
----------------------- MAC: 68C44D72C371
----------------------- Device Type: LAPTOP
----------------------- LogId: 68C44D72C37110012018120239206
----------------------- Idendified String: Mozilla/5.0 (Windows NT 6.1; Win64; x64; rv:57.0) Gecko/20100101 Firefox/57.0

1/10/2018 12:07:44 PM -- Landed Page: Mifilogin page
----------------------- Nomadix I/P: &UI=009db5&MA=68C44D72C371&OS=http://www.google.com&UURL=http://192.168.0.250:1111&RN=10
----------------------- MAC: 68C44D72C371
----------------------- Device Type: LAPTOP
----------------------- LogId: 68C44D72C37110012018120744813
----------------------- Idendified String: Mozilla/5.0 (Windows NT 6.1; Win64; x64; rv:57.0) Gecko/20100101 Firefox/57.0

1/10/2018 12:07:45 PM -- Landed Page: UserError Page
------------------------ Error Code: 8

1/10/2018 12:11:18 PM -- Landed Page: Mifilogin page
----------------------- Nomadix I/P: &UI=009db5&MA=68C44D72C371&OS=http://www.google.com&UURL=http://192.168.0.250:1111&RN=10
----------------------- MAC: 68C44D72C371
----------------------- Device Type: LAPTOP
----------------------- LogId: 68C44D72C37110012018121111464
----------------------- Idendified String: Mozilla/5.0 (Windows NT 6.1; Win64; x64; rv:57.0) Gecko/20100101 Firefox/57.0

1/10/2018 12:11:19 PM -- Landed Page: UserError Page
------------------------ Error Code: 8

1/10/2018 12:11:38 PM -- Landed Page: Mifilogin page
----------------------- Nomadix I/P: &UI=009db4&MA=68C44D72C371&OS=http://www.google.com&UURL=http://192.168.0.250:1111&RN=10
----------------------- MAC: 68C44D72C371
----------------------- Device Type: LAPTOP
----------------------- LogId: 68C44D72C37110012018121138842
----------------------- Idendified String: Mozilla/5.0 (Windows NT 6.1; Win64; x64; rv:57.0) Gecko/20100101 Firefox/57.0

1/10/2018 12:14:21 PM -- Landed Page: Mifilogin page
----------------------- Nomadix I/P: &UI=009db4&MA=68C44D72C371&OS=http://www.google.com&UURL=http://192.168.0.250:1111&RN=10
----------------------- MAC: 68C44D72C371
----------------------- Device Type: LAPTOP
----------------------- LogId: 68C44D72C37110012018121417464
----------------------- Idendified String: Mozilla/5.0 (Windows NT 6.1; Win64; x64; rv:57.0) Gecko/20100101 Firefox/57.0

1/10/2018 12:14:47 PM -- Landed Page: Mifilogin page
----------------------- Nomadix I/P: &UI=009db4&MA=68C44D72C371&OS=http://www.google.com&UURL=http://192.168.0.250:1111&RN=10
----------------------- MAC: 68C44D72C371
----------------------- Device Type: LAPTOP
----------------------- LogId: 68C44D72C37110012018121447739
----------------------- Idendified String: Mozilla/5.0 (Windows NT 6.1; Win64; x64) AppleWebKit/537.36 (KHTML, like Gecko) Chrome/65.0.3315.4 Safari/537.36

1/10/2018 12:33:57 PM -- Landed Page: Mifilogin page
----------------------- Nomadix I/P: &UI=009db4&MA=68C44D72C371&OS=http://www.google.com&UURL=http://192.168.0.250:1111&RN=10
----------------------- MAC: 68C44D72C371
----------------------- Device Type: LAPTOP
----------------------- LogId: 68C44D72C37110012018123357637
----------------------- Idendified String: Mozilla/5.0 (Windows NT 6.1; Win64; x64; rv:57.0) Gecko/20100101 Firefox/57.0

1/10/2018 12:34:39 PM -- Landed Page: Mifilogin page
----------------------- Nomadix I/P: &UI=009db4&MA=68C44D72C371&OS=http://www.google.com&UURL=http://192.168.0.250:1111&RN=10
----------------------- MAC: 68C44D72C371
----------------------- Device Type: LAPTOP
----------------------- LogId: 68C44D72C37110012018123439971
----------------------- Idendified String: Mozilla/5.0 (Windows NT 6.1; Win64; x64; rv:57.0) Gecko/20100101 Firefox/57.0

1/10/2018 12:36:07 PM -- Landed Page: Mifilogin page
----------------------- Nomadix I/P: &UI=009db4&MA=68C44D72C371&OS=http://www.google.com&UURL=http://192.168.0.250:1111&RN=10
----------------------- MAC: 68C44D72C371
----------------------- Device Type: LAPTOP
----------------------- LogId: 68C44D72C37110012018123607862
----------------------- Idendified String: Mozilla/5.0 (Windows NT 6.1; Win64; x64; rv:57.0) Gecko/20100101 Firefox/57.0

1/10/2018 12:36:55 PM -- Landed Page: Mifilogin page
----------------------- Nomadix I/P: &UI=009db4&MA=68C44D72C371&OS=http://www.google.com&UURL=http://192.168.0.250:1111&RN=10
----------------------- MAC: 68C44D72C371
----------------------- Device Type: LAPTOP
----------------------- LogId: 68C44D72C37110012018123655356
----------------------- Idendified String: Mozilla/5.0 (Windows NT 6.1; Win64; x64; rv:57.0) Gecko/20100101 Firefox/57.0

1/10/2018 12:37:08 PM -- Landed Page: PlanSelectionPayAll Page -- Room No:911 -- MAC:68C44D72C371

1/10/2018 12:38:50 PM -- Landed Page: Mifilogin page
----------------------- Nomadix I/P: &UI=009db4&MA=68C44D72C371&OS=http://www.google.com&UURL=http://192.168.0.250:1111&RN=10
----------------------- MAC: 68C44D72C371
----------------------- Device Type: LAPTOP
----------------------- LogId: 68C44D72C37110012018123850876
----------------------- Idendified String: Mozilla/5.0 (Windows NT 6.1; Win64; x64; rv:57.0) Gecko/20100101 Firefox/57.0

1/10/2018 12:39:03 PM -- Landed Page: PlanSelectionPayAll Page -- Room No:911 -- MAC:68C44D72C371

1/10/2018 12:50:10 PM -- Landed Page: Mifilogin page
----------------------- Nomadix I/P: &UI=009db4&MA=68C44D72C371&OS=http://www.google.com&UURL=http://192.168.0.250:1111&RN=10
----------------------- MAC: 68C44D72C371
----------------------- Device Type: LAPTOP
----------------------- LogId: 68C44D72C37110012018125010606
----------------------- Idendified String: Mozilla/5.0 (Windows NT 6.1; Win64; x64; rv:57.0) Gecko/20100101 Firefox/57.0

1/10/2018 1:09:06 PM -- Landed Page: Mifilogin page
----------------------- Nomadix I/P: &UI=009db4&MA=68C44D72C371&OS=http://www.google.com&UURL=http://192.168.0.250:1111&RN=10
----------------------- MAC: 68C44D72C371
----------------------- Device Type: LAPTOP
----------------------- LogId: 68C44D72C37110012018130906082
----------------------- Idendified String: Mozilla/5.0 (Windows NT 6.1; Win64; x64; rv:57.0) Gecko/20100101 Firefox/57.0

1/10/2018 1:09:29 PM -- Landed Page: Mifilogin page
----------------------- Nomadix I/P: &UI=009db4&MA=68C44D72C371&OS=http://www.google.com&UURL=http://192.168.0.250:1111&RN=10
----------------------- MAC: 68C44D72C371
----------------------- Device Type: LAPTOP
----------------------- LogId: 68C44D72C37110012018130929055
----------------------- Idendified String: Mozilla/5.0 (Windows NT 6.1; Win64; x64; rv:57.0) Gecko/20100101 Firefox/57.0

1/10/2018 1:10:39 PM -- Landed Page: Mifilogin page
----------------------- Nomadix I/P: &UI=009db4&MA=68C44D72C371&OS=http://www.google.com&UURL=http://192.168.0.250:1111&RN=10
----------------------- MAC: 68C44D72C371
----------------------- Device Type: LAPTOP
----------------------- LogId: 68C44D72C37110012018131039722
----------------------- Idendified String: Mozilla/5.0 (Windows NT 6.1; Win64; x64; rv:57.0) Gecko/20100101 Firefox/57.0

1/10/2018 1:11:48 PM -- Landed Page: Mifilogin page
----------------------- Nomadix I/P: &UI=009db4&MA=68C44D72C371&OS=http://www.google.com&UURL=http://192.168.0.250:1111&RN=10
----------------------- MAC: 68C44D72C371
----------------------- Device Type: LAPTOP
----------------------- LogId: 68C44D72C37110012018131148238
----------------------- Idendified String: Mozilla/5.0 (Windows NT 6.1; Win64; x64; rv:57.0) Gecko/20100101 Firefox/57.0

1/10/2018 1:12:35 PM -- Landed Page: Mifilogin page
----------------------- Nomadix I/P: &UI=009db4&MA=68C44D72C371&OS=http://www.google.com&UURL=http://192.168.0.250:1111&RN=10
----------------------- MAC: 68C44D72C371
----------------------- Device Type: LAPTOP
----------------------- LogId: 68C44D72C37110012018131235053
----------------------- Idendified String: Mozilla/5.0 (Windows NT 6.1; Win64; x64; rv:57.0) Gecko/20100101 Firefox/57.0

1/10/2018 1:12:50 PM -- Landed Page: Mifilogin page
----------------------- Nomadix I/P: &UI=009db4&MA=68C44D72C371&OS=http://www.google.com&UURL=http://192.168.0.250:1111&RN=10
----------------------- MAC: 68C44D72C371
----------------------- Device Type: LAPTOP
----------------------- LogId: 68C44D72C37110012018131250211
----------------------- Idendified String: Mozilla/5.0 (Windows NT 6.1; Win64; x64; rv:57.0) Gecko/20100101 Firefox/57.0

1/10/2018 1:13:42 PM -- Landed Page: Mifilogin page
----------------------- Nomadix I/P: &UI=009db4&MA=68C44D72C371&OS=http://www.google.com&UURL=http://192.168.0.250:1111&RN=10
----------------------- MAC: 68C44D72C371
----------------------- Device Type: LAPTOP
----------------------- LogId: 68C44D72C37110012018131342991
----------------------- Idendified String: Mozilla/5.0 (Windows NT 6.1; Win64; x64; rv:57.0) Gecko/20100101 Firefox/57.0

1/10/2018 1:14:06 PM -- Landed Page: Mifilogin page
----------------------- Nomadix I/P: &UI=009db4&MA=68C44D72C371&OS=http://www.google.com&UURL=http://192.168.0.250:1111&RN=10
----------------------- MAC: 68C44D72C371
----------------------- Device Type: LAPTOP
----------------------- LogId: 68C44D72C37110012018131406527
----------------------- Idendified String: Mozilla/5.0 (Windows NT 6.1; Win64; x64; rv:57.0) Gecko/20100101 Firefox/57.0

1/10/2018 1:14:43 PM -- Landed Page: Mifilogin page
----------------------- Nomadix I/P: &UI=009db4&MA=68C44D72C371&OS=http://www.google.com&UURL=http://192.168.0.250:1111&RN=10
----------------------- MAC: 68C44D72C371
----------------------- Device Type: LAPTOP
----------------------- LogId: 68C44D72C37110012018131443682
----------------------- Idendified String: Mozilla/5.0 (Windows NT 6.1; Win64; x64; rv:57.0) Gecko/20100101 Firefox/57.0

1/10/2018 1:20:38 PM -- Landed Page: Mifilogin page
----------------------- Nomadix I/P: &UI=009db4&MA=68C44D72C371&OS=http://www.google.com&UURL=http://192.168.0.250:1111&RN=10
----------------------- MAC: 68C44D72C371
----------------------- Device Type: LAPTOP
----------------------- LogId: 68C44D72C37110012018132038309
----------------------- Idendified String: Mozilla/5.0 (Windows NT 6.1; Win64; x64; rv:57.0) Gecko/20100101 Firefox/57.0

1/10/2018 1:20:50 PM -- Landed Page: PlanSelectionPayAll Page -- Room No:911 -- MAC:68C44D72C371

1/10/2018 1:21:02 PM -- Landed Page: PlanSelectionPayAll Page -- Room No:911 -- MAC:68C44D72C371

1/10/2018 1:21:13 PM -- Landed Page: PlanSelectionPayAll Page -- Room No:911 -- MAC:68C44D72C371

1/10/2018 1:22:47 PM -- Landed Page: PlanSelectionPayAll Page -- Room No:911 -- MAC:68C44D72C371

1/10/2018 1:22:53 PM -- Landed Page: PlanSelectionPayAll Page -- Room No:911 -- MAC:68C44D72C371

1/10/2018 1:23:15 PM -- Landed Page: Mifilogin page
----------------------- Nomadix I/P: &UI=009db4&MA=68C44D72C371&OS=http://www.google.com&UURL=http://192.168.0.250:1111&RN=10
----------------------- MAC: 68C44D72C371
----------------------- Device Type: LAPTOP
----------------------- LogId: 68C44D72C37110012018132315292
----------------------- Idendified String: Mozilla/5.0 (Windows NT 6.1; Win64; x64; rv:57.0) Gecko/20100101 Firefox/57.0

1/10/2018 1:23:36 PM -- Landed Page: PlanSelectionPayAll Page -- Room No:911 -- MAC:68C44D72C371

1/10/2018 1:23:37 PM -- Landed Page: Mifilogin page
----------------------- Nomadix I/P: &UI=009db4&MA=68C44D72C371&OS=http://www.google.com&UURL=http://192.168.0.250:1111&RN=10
----------------------- MAC: 68C44D72C371
----------------------- Device Type: LAPTOP
----------------------- LogId: 68C44D72C37110012018132337949
----------------------- Idendified String: Mozilla/5.0 (Windows NT 6.1; Win64; x64; rv:57.0) Gecko/20100101 Firefox/57.0

1/10/2018 1:24:10 PM -- Landed Page: Mifilogin page
----------------------- Nomadix I/P: &UI=009db4&MA=68C44D72C371&OS=http://www.google.com&UURL=http://192.168.0.250:1111&RN=10
----------------------- MAC: 68C44D72C371
----------------------- Device Type: LAPTOP
----------------------- LogId: 68C44D72C37110012018132410205
----------------------- Idendified String: Mozilla/5.0 (Windows NT 6.1; Win64; x64; rv:57.0) Gecko/20100101 Firefox/57.0

1/10/2018 1:24:23 PM -- Landed Page: PlanSelectionPayAll Page -- Room No:911 -- MAC:68C44D72C371

1/10/2018 1:25:23 PM -- Landed Page: PlanSelectionPayAll Page -- Room No:911 -- MAC:68C44D72C371

1/10/2018 1:25:23 PM -- Landed Page: PlanSelectionPayAll Page -- Room No:911 -- MAC:68C44D72C371

1/10/2018 1:25:24 PM -- Landed Page: PlanSelectionPayAll Page -- Room No:911 -- MAC:68C44D72C371

1/10/2018 1:25:41 PM -- Landed Page: Mifilogin page
----------------------- Nomadix I/P: &UI=009db4&MA=68C44D72C371&OS=http://www.google.com&UURL=http://192.168.0.250:1111&RN=10
----------------------- MAC: 68C44D72C371
----------------------- Device Type: LAPTOP
----------------------- LogId: 68C44D72C37110012018132541200
----------------------- Idendified String: Mozilla/5.0 (Windows NT 6.1; Win64; x64; rv:57.0) Gecko/20100101 Firefox/57.0

1/10/2018 1:25:59 PM -- Landed Page: PlanSelectionPayAll Page -- Room No:911 -- MAC:68C44D72C371

1/10/2018 1:28:48 PM -- Landed Page: PlanSelectionPayAll Page -- Room No:911 -- MAC:68C44D72C371

1/10/2018 1:28:49 PM -- Landed Page: PlanSelectionPayAll Page -- Room No:911 -- MAC:68C44D72C371

1/10/2018 1:28:49 PM -- Landed Page: PlanSelectionPayAll Page -- Room No:911 -- MAC:68C44D72C371

1/10/2018 1:28:49 PM -- Landed Page: PlanSelectionPayAll Page -- Room No:911 -- MAC:68C44D72C371

1/10/2018 1:29:23 PM -- Landed Page: Mifilogin page
----------------------- Nomadix I/P: &UI=009db4&MA=68C44D72C371&OS=http://www.google.com&UURL=http://192.168.0.250:1111&RN=10
----------------------- MAC: 68C44D72C371
----------------------- Device Type: LAPTOP
----------------------- LogId: 68C44D72C37110012018132923682
----------------------- Idendified String: Mozilla/5.0 (Windows NT 6.1; Win64; x64; rv:57.0) Gecko/20100101 Firefox/57.0

1/10/2018 1:29:31 PM -- Landed Page: Mifilogin page
----------------------- Nomadix I/P: &UI=009db4&MA=68C44D72C371&OS=http://www.google.com&UURL=http://192.168.0.250:1111&RN=10
----------------------- MAC: 68C44D72C371
----------------------- Device Type: LAPTOP
----------------------- LogId: 68C44D72C37110012018132931515
----------------------- Idendified String: Mozilla/5.0 (Windows NT 6.1; Win64; x64; rv:57.0) Gecko/20100101 Firefox/57.0

1/10/2018 1:29:47 PM -- Landed Page: PlanSelectionPayAll Page -- Room No:911 -- MAC:68C44D72C371

1/10/2018 1:31:29 PM -- Landed Page: Mifilogin page
----------------------- Nomadix I/P: &UI=009db4&MA=68C44D72C371&OS=http://www.google.com&UURL=http://192.168.0.250:1111&RN=10
----------------------- MAC: 68C44D72C371
----------------------- Device Type: LAPTOP
----------------------- LogId: 68C44D72C37110012018133129567
----------------------- Idendified String: Mozilla/5.0 (Windows NT 6.1; Win64; x64; rv:57.0) Gecko/20100101 Firefox/57.0

1/10/2018 1:33:38 PM -- Landed Page: Mifilogin page
----------------------- Nomadix I/P: &UI=009db4&MA=68C44D72C371&OS=http://www.google.com&UURL=http://192.168.0.250:1111&RN=10
----------------------- MAC: 68C44D72C371
----------------------- Device Type: LAPTOP
----------------------- LogId: 68C44D72C37110012018133338959
----------------------- Idendified String: Mozilla/5.0 (Windows NT 6.1; Win64; x64; rv:57.0) Gecko/20100101 Firefox/57.0

1/10/2018 1:33:50 PM -- Landed Page: PlanSelectionPayAll Page -- Room No:911 -- MAC:68C44D72C371

1/10/2018 1:34:51 PM -- Landed Page: Mifilogin page
----------------------- Nomadix I/P: &UI=009db4&MA=68C44D72C371&OS=http://www.google.com&UURL=http://192.168.0.250:1111&RN=10
----------------------- MAC: 68C44D72C371
----------------------- Device Type: LAPTOP
----------------------- LogId: 68C44D72C37110012018133451199
----------------------- Idendified String: Mozilla/5.0 (Windows NT 6.1; Win64; x64; rv:57.0) Gecko/20100101 Firefox/57.0

1/10/2018 1:35:11 PM -- Landed Page: Mifilogin page
----------------------- Nomadix I/P: &UI=009db4&MA=68C44D72C371&OS=http://www.google.com&UURL=http://192.168.0.250:1111&RN=10
----------------------- MAC: 68C44D72C371
----------------------- Device Type: LAPTOP
----------------------- LogId: 68C44D72C37110012018133511797
----------------------- Idendified String: Mozilla/5.0 (Windows NT 6.1; Win64; x64; rv:57.0) Gecko/20100101 Firefox/57.0

1/10/2018 1:35:21 PM -- Landed Page: PlanSelectionPayAll Page -- Room No:911 -- MAC:68C44D72C371

1/10/2018 1:36:31 PM -- Landed Page: Mifilogin page
----------------------- Nomadix I/P: &UI=009db4&MA=68C44D72C371&OS=http://www.google.com&UURL=http://192.168.0.250:1111&RN=10
----------------------- MAC: 68C44D72C371
----------------------- Device Type: LAPTOP
----------------------- LogId: 68C44D72C37110012018133631955
----------------------- Idendified String: Mozilla/5.0 (Windows NT 6.1; Win64; x64; rv:57.0) Gecko/20100101 Firefox/57.0

1/10/2018 1:36:43 PM -- Landed Page: PlanSelectionPayAll Page -- Room No:911 -- MAC:68C44D72C371

1/10/2018 1:39:58 PM -- Landed Page: Mifilogin page
----------------------- Nomadix I/P: &UI=009db4&MA=68C44D72C371&OS=http://www.google.com&UURL=http://192.168.0.250:1111&RN=10
----------------------- MAC: 68C44D72C371
----------------------- Device Type: LAPTOP
----------------------- LogId: 68C44D72C37110012018133958037
----------------------- Idendified String: Mozilla/5.0 (Windows NT 6.1; Win64; x64; rv:57.0) Gecko/20100101 Firefox/57.0

1/10/2018 1:40:09 PM -- Landed Page: PlanSelectionPayAll Page -- Room No:911 -- MAC:68C44D72C371

1/10/2018 1:42:02 PM -- Landed Page: PlanSelectionPayAll Page -- Room No:911 -- MAC:68C44D72C371

1/10/2018 1:42:03 PM -- Landed Page: PlanSelectionPayAll Page -- Room No:911 -- MAC:68C44D72C371

1/10/2018 1:43:05 PM -- Landed Page: PlanSelectionPayAll Page -- Room No:911 -- MAC:68C44D72C371

1/10/2018 1:43:23 PM -- Landed Page: PlanSelectionPayAll Page -- Room No:911 -- MAC:68C44D72C371

1/10/2018 2:24:25 PM -- Landed Page: Mifilogin page
----------------------- Nomadix I/P: &UI=009db4&MA=68C44D72C371&OS=http://www.google.com&UURL=http://192.168.0.250:1111&RN=10
----------------------- MAC: 68C44D72C371
----------------------- Device Type: LAPTOP
----------------------- LogId: 68C44D72C37110012018142425296
----------------------- Idendified String: Mozilla/5.0 (Windows NT 6.1; Win64; x64; rv:57.0) Gecko/20100101 Firefox/57.0

1/10/2018 2:24:36 PM -- Landed Page: PlanSelectionPayAll Page -- Room No:911 -- MAC:68C44D72C371

1/10/2018 2:25:11 PM -- Landed Page: Mifilogin page
----------------------- Nomadix I/P: &UI=009db4&MA=68C44D72C371&OS=http://www.google.com&UURL=http://192.168.0.250:1111&RN=10
----------------------- MAC: 68C44D72C371
----------------------- Device Type: LAPTOP
----------------------- LogId: 68C44D72C37110012018142511667
----------------------- Idendified String: Mozilla/5.0 (Windows NT 6.1; Win64; x64; rv:57.0) Gecko/20100101 Firefox/57.0

1/10/2018 2:32:24 PM -- Landed Page: Mifilogin page
----------------------- Nomadix I/P: &UI=009db4&MA=68C44D72C371&OS=http://www.google.com&UURL=http://192.168.0.250:1111&RN=10
----------------------- MAC: 68C44D72C371
----------------------- Device Type: LAPTOP
----------------------- LogId: 68C44D72C37110012018143224226
----------------------- Idendified String: Mozilla/5.0 (Windows NT 6.1; Win64; x64; rv:57.0) Gecko/20100101 Firefox/57.0

1/10/2018 2:32:52 PM -- Landed Page: Mifilogin page
----------------------- Nomadix I/P: &UI=009db4&MA=68C44D72C371&OS=http://www.google.com&UURL=http://192.168.0.250:1111&RN=10
----------------------- MAC: 68C44D72C371
----------------------- Device Type: LAPTOP
----------------------- LogId: 68C44D72C37110012018143252187
----------------------- Idendified String: Mozilla/5.0 (Windows NT 6.1; Win64; x64; rv:57.0) Gecko/20100101 Firefox/57.0

1/10/2018 2:35:21 PM -- Landed Page: Mifilogin page
----------------------- Nomadix I/P: &UI=009db4&MA=68C44D72C371&OS=http://www.google.com&UURL=http://192.168.0.250:1111&RN=10
----------------------- MAC: 68C44D72C371
----------------------- Device Type: LAPTOP
----------------------- LogId: 68C44D72C37110012018143521793
----------------------- Idendified String: Mozilla/5.0 (Windows NT 6.1; Win64; x64; rv:57.0) Gecko/20100101 Firefox/57.0

1/10/2018 2:36:04 PM -- Landed Page: Mifilogin page
----------------------- Nomadix I/P: &UI=009db4&MA=68C44D72C371&OS=http://www.google.com&UURL=http://192.168.0.250:1111&RN=10
----------------------- MAC: 68C44D72C371
----------------------- Device Type: LAPTOP
----------------------- LogId: 68C44D72C37110012018143604071
----------------------- Idendified String: Mozilla/5.0 (Windows NT 6.1; Win64; x64; rv:57.0) Gecko/20100101 Firefox/57.0

1/10/2018 2:36:27 PM -- Landed Page: Mifilogin page
----------------------- Nomadix I/P: &UI=009db4&MA=68C44D72C371&OS=http://www.google.com&UURL=http://192.168.0.250:1111&RN=10
----------------------- MAC: 68C44D72C371
----------------------- Device Type: LAPTOP
----------------------- LogId: 68C44D72C37110012018143627289
----------------------- Idendified String: Mozilla/5.0 (Windows NT 6.1; Win64; x64; rv:57.0) Gecko/20100101 Firefox/57.0

1/10/2018 2:36:42 PM -- Landed Page: Mifilogin page
----------------------- Nomadix I/P: &UI=009db4&MA=68C44D72C371&OS=http://www.google.com&UURL=http://192.168.0.250:1111&RN=10
----------------------- MAC: 68C44D72C371
----------------------- Device Type: LAPTOP
----------------------- LogId: 68C44D72C37110012018143642121
----------------------- Idendified String: Mozilla/5.0 (Windows NT 6.1; Win64; x64; rv:57.0) Gecko/20100101 Firefox/57.0

1/10/2018 2:37:06 PM -- Landed Page: Mifilogin page
----------------------- Nomadix I/P: &UI=009db4&MA=68C44D72C371&OS=http://www.google.com&UURL=http://192.168.0.250:1111&RN=10
----------------------- MAC: 68C44D72C371
----------------------- Device Type: LAPTOP
----------------------- LogId: 68C44D72C37110012018143706474
----------------------- Idendified String: Mozilla/5.0 (Windows NT 6.1; Win64; x64; rv:57.0) Gecko/20100101 Firefox/57.0

1/10/2018 2:38:21 PM -- Landed Page: Mifilogin page
----------------------- Nomadix I/P: &UI=009db4&MA=68C44D72C371&OS=http://www.google.com&UURL=http://192.168.0.250:1111&RN=10
----------------------- MAC: 68C44D72C371
----------------------- Device Type: LAPTOP
----------------------- LogId: 68C44D72C37110012018143821006
----------------------- Idendified String: Mozilla/5.0 (Windows NT 6.1; Win64; x64; rv:57.0) Gecko/20100101 Firefox/57.0

1/10/2018 2:39:33 PM -- Landed Page: Mifilogin page
----------------------- Nomadix I/P: &UI=009db4&MA=68C44D72C371&OS=http://www.google.com&UURL=http://192.168.0.250:1111&RN=10
----------------------- MAC: 68C44D72C371
----------------------- Device Type: LAPTOP
----------------------- LogId: 68C44D72C37110012018143933310
----------------------- Idendified String: Mozilla/5.0 (Windows NT 6.1; Win64; x64; rv:57.0) Gecko/20100101 Firefox/57.0

1/10/2018 2:40:03 PM -- Landed Page: Mifilogin page
----------------------- Nomadix I/P: &UI=009db4&MA=68C44D72C371&OS=http://www.google.com&UURL=http://192.168.0.250:1111&RN=10
----------------------- MAC: 68C44D72C371
----------------------- Device Type: LAPTOP
----------------------- LogId: 68C44D72C37110012018144003809
----------------------- Idendified String: Mozilla/5.0 (Windows NT 6.1; Win64; x64; rv:57.0) Gecko/20100101 Firefox/57.0

1/10/2018 2:40:53 PM -- Landed Page: Mifilogin page
----------------------- Nomadix I/P: &UI=009db4&MA=68C44D72C371&OS=http://www.google.com&UURL=http://192.168.0.250:1111&RN=10
----------------------- MAC: 68C44D72C371
----------------------- Device Type: LAPTOP
----------------------- LogId: 68C44D72C37110012018144053574
----------------------- Idendified String: Mozilla/5.0 (Windows NT 6.1; Win64; x64; rv:57.0) Gecko/20100101 Firefox/57.0

1/10/2018 2:41:30 PM -- Landed Page: Mifilogin page
----------------------- Nomadix I/P: &UI=009db4&MA=68C44D72C371&OS=http://www.google.com&UURL=http://192.168.0.250:1111&RN=10
----------------------- MAC: 68C44D72C371
----------------------- Device Type: LAPTOP
----------------------- LogId: 68C44D72C37110012018144130522
----------------------- Idendified String: Mozilla/5.0 (Windows NT 6.1; Win64; x64; rv:57.0) Gecko/20100101 Firefox/57.0

1/10/2018 2:41:49 PM -- Landed Page: Mifilogin page
----------------------- Nomadix I/P: &UI=009db4&MA=68C44D72C371&OS=http://www.google.com&UURL=http://192.168.0.250:1111&RN=10
----------------------- MAC: 68C44D72C371
----------------------- Device Type: LAPTOP
----------------------- LogId: 68C44D72C37110012018144149702
----------------------- Idendified String: Mozilla/5.0 (Windows NT 6.1; Win64; x64; rv:57.0) Gecko/20100101 Firefox/57.0

1/10/2018 2:42:37 PM -- Landed Page: Mifilogin page
----------------------- Nomadix I/P: &UI=009db4&MA=68C44D72C371&OS=http://www.google.com&UURL=http://192.168.0.250:1111&RN=10
----------------------- MAC: 68C44D72C371
----------------------- Device Type: LAPTOP
----------------------- LogId: 68C44D72C37110012018144237648
----------------------- Idendified String: Mozilla/5.0 (Windows NT 6.1; Win64; x64; rv:57.0) Gecko/20100101 Firefox/57.0

1/10/2018 2:42:51 PM -- Landed Page: PlanSelectionPayAll Page -- Room No:911 -- MAC:68C44D72C371

1/10/2018 2:43:35 PM -- Landed Page: Mifilogin page
----------------------- Nomadix I/P: &UI=009db4&MA=68C44D72C371&OS=http://www.google.com&UURL=http://192.168.0.250:1111&RN=10
----------------------- MAC: 68C44D72C371
----------------------- Device Type: LAPTOP
----------------------- LogId: 68C44D72C37110012018144335545
----------------------- Idendified String: Mozilla/5.0 (Windows NT 6.1; Win64; x64; rv:57.0) Gecko/20100101 Firefox/57.0

1/10/2018 2:43:53 PM -- Landed Page: Mifilogin page
----------------------- Nomadix I/P: &UI=009db4&MA=68C44D72C371&OS=http://www.google.com&UURL=http://192.168.0.250:1111&RN=10
----------------------- MAC: 68C44D72C371
----------------------- Device Type: LAPTOP
----------------------- LogId: 68C44D72C37110012018144353000
----------------------- Idendified String: Mozilla/5.0 (Windows NT 6.1; Win64; x64; rv:57.0) Gecko/20100101 Firefox/57.0

1/10/2018 2:44:12 PM -- Landed Page: Mifilogin page
----------------------- Nomadix I/P: &UI=009db4&MA=68C44D72C371&OS=http://www.google.com&UURL=http://192.168.0.250:1111&RN=10
----------------------- MAC: 68C44D72C371
----------------------- Device Type: LAPTOP
----------------------- LogId: 68C44D72C37110012018144412140
----------------------- Idendified String: Mozilla/5.0 (Windows NT 6.1; Win64; x64; rv:57.0) Gecko/20100101 Firefox/57.0

1/10/2018 2:48:08 PM -- Landed Page: Mifilogin page
----------------------- Nomadix I/P: &UI=009db4&MA=68C44D72C371&OS=http://www.google.com&UURL=http://192.168.0.250:1111&RN=10
----------------------- MAC: 68C44D72C371
----------------------- Device Type: LAPTOP
----------------------- LogId: 68C44D72C37110012018144808873
----------------------- Idendified String: Mozilla/5.0 (Windows NT 6.1; Win64; x64; rv:57.0) Gecko/20100101 Firefox/57.0

1/10/2018 2:50:48 PM -- Landed Page: Mifilogin page
----------------------- Nomadix I/P: &UI=009db4&MA=68C44D72C371&OS=http://www.google.com&UURL=http://192.168.0.250:1111&RN=10
----------------------- MAC: 68C44D72C371
----------------------- Device Type: LAPTOP
----------------------- LogId: 68C44D72C37110012018145048909
----------------------- Idendified String: Mozilla/5.0 (Windows NT 6.1; Win64; x64; rv:57.0) Gecko/20100101 Firefox/57.0

1/10/2018 2:51:03 PM -- Landed Page: PlanSelectionPayAll Page -- Room No:911 -- MAC:68C44D72C371

1/10/2018 2:51:27 PM -- Landed Page: PlanSelectionPayAll Page -- Room No:911 -- MAC:68C44D72C371

1/10/2018 2:53:06 PM -- Landed Page: Mifilogin page
----------------------- Nomadix I/P: &UI=009db4&MA=68C44D72C371&OS=http://www.google.com&UURL=http://192.168.0.250:1111&RN=10
----------------------- MAC: 68C44D72C371
----------------------- Device Type: LAPTOP
----------------------- LogId: 68C44D72C37110012018145306500
----------------------- Idendified String: Mozilla/5.0 (Windows NT 6.1; Win64; x64; rv:57.0) Gecko/20100101 Firefox/57.0

1/10/2018 2:53:46 PM -- Landed Page: Mifilogin page
----------------------- Nomadix I/P: &UI=009db4&MA=68C44D72C371&OS=http://www.google.com&UURL=http://192.168.0.250:1111&RN=10
----------------------- MAC: 68C44D72C371
----------------------- Device Type: LAPTOP
----------------------- LogId: 68C44D72C37110012018145346059
----------------------- Idendified String: Mozilla/5.0 (Windows NT 6.1; Win64; x64; rv:57.0) Gecko/20100101 Firefox/57.0

1/10/2018 2:53:56 PM -- Landed Page: PlanSelectionPayAll Page -- Room No:911 -- MAC:68C44D72C371

1/10/2018 2:55:37 PM -- Landed Page: Mifilogin page
----------------------- Nomadix I/P: &UI=009db4&MA=68C44D72C371&OS=http://www.google.com&UURL=http://192.168.0.250:1111&RN=10
----------------------- MAC: 68C44D72C371
----------------------- Device Type: LAPTOP
----------------------- LogId: 68C44D72C37110012018145537558
----------------------- Idendified String: Mozilla/5.0 (Windows NT 6.1; Win64; x64; rv:57.0) Gecko/20100101 Firefox/57.0

1/10/2018 2:56:01 PM -- Landed Page: Mifilogin page
----------------------- Nomadix I/P: &UI=009db4&MA=68C44D72C371&OS=http://www.google.com&UURL=http://192.168.0.250:1111&RN=10
----------------------- MAC: 68C44D72C371
----------------------- Device Type: LAPTOP
----------------------- LogId: 68C44D72C37110012018145601430
----------------------- Idendified String: Mozilla/5.0 (Windows NT 6.1; Win64; x64; rv:57.0) Gecko/20100101 Firefox/57.0

1/10/2018 2:56:15 PM -- Landed Page: PlanSelectionPayAll Page -- Room No:911 -- MAC:68C44D72C371

1/10/2018 3:01:11 PM -- Landed Page: Mifilogin page
----------------------- Nomadix I/P: &UI=009db4&MA=68C44D72C371&OS=http://www.google.com&UURL=http://192.168.0.250:1111&RN=10
----------------------- MAC: 68C44D72C371
----------------------- Device Type: LAPTOP
----------------------- LogId: 68C44D72C37110012018150111039
----------------------- Idendified String: Mozilla/5.0 (Windows NT 6.1; Win64; x64; rv:57.0) Gecko/20100101 Firefox/57.0

1/10/2018 3:02:29 PM -- Landed Page: Mifilogin page
----------------------- Nomadix I/P: &UI=009db4&MA=68C44D72C371&OS=http://www.google.com&UURL=http://192.168.0.250:1111&RN=10
----------------------- MAC: 68C44D72C371
----------------------- Device Type: LAPTOP
----------------------- LogId: 68C44D72C37110012018150229240
----------------------- Idendified String: Mozilla/5.0 (Windows NT 6.1; Win64; x64; rv:57.0) Gecko/20100101 Firefox/57.0

1/10/2018 3:04:28 PM -- Landed Page: Mifilogin page
----------------------- Nomadix I/P: &UI=009db4&MA=68C44D72C371&OS=http://www.google.com&UURL=http://192.168.0.250:1111&RN=10
----------------------- MAC: 68C44D72C371
----------------------- Device Type: LAPTOP
----------------------- LogId: 68C44D72C37110012018150428880
----------------------- Idendified String: Mozilla/5.0 (Windows NT 6.1; Win64; x64; rv:57.0) Gecko/20100101 Firefox/57.0

1/10/2018 3:04:51 PM -- Landed Page: Mifilogin page
----------------------- Nomadix I/P: &UI=009db4&MA=68C44D72C371&OS=http://www.google.com&UURL=http://192.168.0.250:1111&RN=10
----------------------- MAC: 68C44D72C371
----------------------- Device Type: LAPTOP
----------------------- LogId: 68C44D72C37110012018150451590
----------------------- Idendified String: Mozilla/5.0 (Windows NT 6.1; Win64; x64; rv:57.0) Gecko/20100101 Firefox/57.0

1/10/2018 3:05:03 PM -- Landed Page: PlanSelectionPayAll Page -- Room No:911 -- MAC:68C44D72C371

1/10/2018 3:09:42 PM -- Landed Page: Mifilogin page
----------------------- Nomadix I/P: &UI=009db4&MA=68C44D72C371&OS=http://www.google.com&UURL=http://192.168.0.250:1111&RN=10
----------------------- MAC: 68C44D72C371
----------------------- Device Type: LAPTOP
----------------------- LogId: 68C44D72C37110012018150942759
----------------------- Idendified String: Mozilla/5.0 (Windows NT 6.1; Win64; x64; rv:57.0) Gecko/20100101 Firefox/57.0

1/10/2018 3:09:56 PM -- DeSerialize is EMPTY in PlanSelectionPayAll Page


1/10/2018 3:09:56 PM -- Landed Page: UserError Page
------------------------ Error Code: 9

1/10/2018 3:12:03 PM -- Landed Page: Mifilogin page
----------------------- Nomadix I/P: &UI=009db4&MA=68C44D72C371&OS=http://www.google.com&UURL=http://192.168.0.250:1111&RN=10
----------------------- MAC: 68C44D72C371
----------------------- Device Type: LAPTOP
----------------------- LogId: 68C44D72C37110012018151203490
----------------------- Idendified String: Mozilla/5.0 (Windows NT 6.1; Win64; x64; rv:57.0) Gecko/20100101 Firefox/57.0

1/10/2018 3:12:14 PM -- DeSerialize is EMPTY in PlanSelectionPayAll Page


1/10/2018 3:12:15 PM -- Landed Page: UserError Page
------------------------ Error Code: 9

1/10/2018 3:13:39 PM -- Landed Page: Mifilogin page
----------------------- Nomadix I/P: &UI=009db4&MA=68C44D72C371&OS=http://www.google.com&UURL=http://192.168.0.250:1111&RN=10
----------------------- MAC: 68C44D72C371
----------------------- Device Type: LAPTOP
----------------------- LogId: 68C44D72C37110012018151339301
----------------------- Idendified String: Mozilla/5.0 (Windows NT 6.1; Win64; x64; rv:57.0) Gecko/20100101 Firefox/57.0

1/10/2018 3:13:51 PM -- Landed Page: PlanSelectionPayAll Page -- Room No:911 -- MAC:68C44D72C371

1/10/2018 3:19:29 PM -- Landed Page: Mifilogin page
----------------------- Nomadix I/P: &UI=009db4&MA=68C44D72C371&OS=http://www.google.com&UURL=http://192.168.0.250:1111&RN=10
----------------------- MAC: 68C44D72C371
----------------------- Device Type: LAPTOP
----------------------- LogId: 68C44D72C37110012018151929817
----------------------- Idendified String: Mozilla/5.0 (Windows NT 6.1; Win64; x64; rv:57.0) Gecko/20100101 Firefox/57.0

1/10/2018 3:19:41 PM -- Landed Page: PlanSelectionPayAll Page -- Room No:911 -- MAC:68C44D72C371

1/10/2018 3:24:24 PM -- Landed Page: Mifilogin page
----------------------- Nomadix I/P: &UI=009db4&MA=68C44D72C371&OS=http://www.google.com&UURL=http://192.168.0.250:1111&RN=10
----------------------- MAC: 68C44D72C371
----------------------- Device Type: LAPTOP
----------------------- LogId: 68C44D72C37110012018152424618
----------------------- Idendified String: Mozilla/5.0 (Windows NT 6.1; Win64; x64; rv:57.0) Gecko/20100101 Firefox/57.0

1/10/2018 3:24:36 PM -- Landed Page: PlanSelectionPayAll Page -- Room No:911 -- MAC:68C44D72C371

1/10/2018 3:29:19 PM -- Landed Page: Mifilogin page
----------------------- Nomadix I/P: &UI=009db4&MA=68C44D72C371&OS=http://www.google.com&UURL=http://192.168.0.250:1111&RN=10
----------------------- MAC: 68C44D72C371
----------------------- Device Type: LAPTOP
----------------------- LogId: 68C44D72C37110012018152919301
----------------------- Idendified String: Mozilla/5.0 (Windows NT 6.1; Win64; x64; rv:57.0) Gecko/20100101 Firefox/57.0

1/10/2018 3:29:31 PM -- Landed Page: PlanSelectionPayAll Page -- Room No:911 -- MAC:68C44D72C371

1/10/2018 4:42:05 PM -- Landed Page: Mifilogin page
----------------------- Nomadix I/P: &UI=009db4&MA=68C44D72C371&OS=http://www.google.com&UURL=http://192.168.0.250:1111&RN=10
----------------------- MAC: 68C44D72C371
----------------------- Device Type: LAPTOP
----------------------- LogId: 68C44D72C37110012018164205815
----------------------- Idendified String: Mozilla/5.0 (Windows NT 6.1; Win64; x64; rv:57.0) Gecko/20100101 Firefox/57.0
