
1/9/2018 5:52:23 PM -- Landed Page: Mifilogin page
----------------------- Nomadix I/P: &UI=009db4&MA=68C44D72C371&OS=http://www.google.com&UURL=http://192.168.0.250:1111&RN=10
----------------------- MAC: 68C44D72C371
----------------------- Device Type: LAPTOP
----------------------- LogId: 68C44D72C37109012018175223181
----------------------- Idendified String: Mozilla/5.0 (Windows NT 6.1; Win64; x64; rv:57.0) Gecko/20100101 Firefox/57.0

1/9/2018 5:54:00 PM -- Landed Page: Mifilogin page
----------------------- Nomadix I/P: &UI=009db4&MA=68C44D72C371&OS=http://www.google.com&UURL=http://192.168.0.250:1111&RN=10
----------------------- MAC: 68C44D72C371
----------------------- Device Type: LAPTOP
----------------------- LogId: 68C44D72C37109012018175400933
----------------------- Idendified String: Mozilla/5.0 (Windows NT 6.1; Win64; x64; rv:57.0) Gecko/20100101 Firefox/57.0

1/9/2018 5:54:01 PM -- Landed Page: Mifilogin page
----------------------- Nomadix I/P: &UI=009db4&MA=68C44D72C371&OS=http://www.google.com&UURL=http://192.168.0.250:1111&RN=10
----------------------- MAC: 68C44D72C371
----------------------- Device Type: LAPTOP
----------------------- LogId: 68C44D72C37109012018175401168
----------------------- Idendified String: Mozilla/5.0 (Windows NT 6.1; Win64; x64; rv:57.0) Gecko/20100101 Firefox/57.0

1/9/2018 5:54:01 PM -- Landed Page: Mifilogin page
----------------------- Nomadix I/P: &UI=009db4&MA=68C44D72C371&OS=http://www.google.com&UURL=http://192.168.0.250:1111&RN=10
----------------------- MAC: 68C44D72C371
----------------------- Device Type: LAPTOP
----------------------- LogId: 68C44D72C37109012018175401391
----------------------- Idendified String: Mozilla/5.0 (Windows NT 6.1; Win64; x64; rv:57.0) Gecko/20100101 Firefox/57.0

1/9/2018 5:54:01 PM -- Landed Page: Mifilogin page
----------------------- Nomadix I/P: &UI=009db4&MA=68C44D72C371&OS=http://www.google.com&UURL=http://192.168.0.250:1111&RN=10
----------------------- MAC: 68C44D72C371
----------------------- Device Type: LAPTOP
----------------------- LogId: 68C44D72C37109012018175401596
----------------------- Idendified String: Mozilla/5.0 (Windows NT 6.1; Win64; x64; rv:57.0) Gecko/20100101 Firefox/57.0

1/9/2018 5:54:01 PM -- Landed Page: Mifilogin page
----------------------- Nomadix I/P: &UI=009db4&MA=68C44D72C371&OS=http://www.google.com&UURL=http://192.168.0.250:1111&RN=10
----------------------- MAC: 68C44D72C371
----------------------- Device Type: LAPTOP
----------------------- LogId: 68C44D72C37109012018175401811
----------------------- Idendified String: Mozilla/5.0 (Windows NT 6.1; Win64; x64; rv:57.0) Gecko/20100101 Firefox/57.0

1/9/2018 5:54:02 PM -- Landed Page: Mifilogin page
----------------------- Nomadix I/P: &UI=009db4&MA=68C44D72C371&OS=http://www.google.com&UURL=http://192.168.0.250:1111&RN=10
----------------------- MAC: 68C44D72C371
----------------------- Device Type: LAPTOP
----------------------- LogId: 68C44D72C37109012018175402006
----------------------- Idendified String: Mozilla/5.0 (Windows NT 6.1; Win64; x64; rv:57.0) Gecko/20100101 Firefox/57.0

1/9/2018 5:54:02 PM -- Landed Page: Mifilogin page
----------------------- Nomadix I/P: &UI=009db4&MA=68C44D72C371&OS=http://www.google.com&UURL=http://192.168.0.250:1111&RN=10
----------------------- MAC: 68C44D72C371
----------------------- Device Type: LAPTOP
----------------------- LogId: 68C44D72C37109012018175402547
----------------------- Idendified String: Mozilla/5.0 (Windows NT 6.1; Win64; x64; rv:57.0) Gecko/20100101 Firefox/57.0

1/9/2018 5:54:02 PM -- Landed Page: Mifilogin page
----------------------- Nomadix I/P: &UI=009db4&MA=68C44D72C371&OS=http://www.google.com&UURL=http://192.168.0.250:1111&RN=10
----------------------- MAC: 68C44D72C371
----------------------- Device Type: LAPTOP
----------------------- LogId: 68C44D72C37109012018175402754
----------------------- Idendified String: Mozilla/5.0 (Windows NT 6.1; Win64; x64; rv:57.0) Gecko/20100101 Firefox/57.0

1/9/2018 5:55:11 PM -- Landed Page: Mifilogin page
----------------------- Nomadix I/P: &UI=009db4&MA=68C44D72C371&OS=http://www.google.com&UURL=http://192.168.0.250:1111&RN=10
----------------------- MAC: 68C44D72C371
----------------------- Device Type: LAPTOP
----------------------- LogId: 68C44D72C37109012018175511418
----------------------- Idendified String: Mozilla/5.0 (Windows NT 6.1; Win64; x64; rv:57.0) Gecko/20100101 Firefox/57.0

1/9/2018 5:55:12 PM -- Landed Page: Mifilogin page
----------------------- Nomadix I/P: &UI=009db4&MA=68C44D72C371&OS=http://www.google.com&UURL=http://192.168.0.250:1111&RN=10
----------------------- MAC: 68C44D72C371
----------------------- Device Type: LAPTOP
----------------------- LogId: 68C44D72C37109012018175512293
----------------------- Idendified String: Mozilla/5.0 (Windows NT 6.1; Win64; x64; rv:57.0) Gecko/20100101 Firefox/57.0

1/9/2018 5:55:13 PM -- Landed Page: Mifilogin page
----------------------- Nomadix I/P: &UI=009db4&MA=68C44D72C371&OS=http://www.google.com&UURL=http://192.168.0.250:1111&RN=10
----------------------- MAC: 68C44D72C371
----------------------- Device Type: LAPTOP
----------------------- LogId: 68C44D72C37109012018175513661
----------------------- Idendified String: Mozilla/5.0 (Windows NT 6.1; Win64; x64; rv:57.0) Gecko/20100101 Firefox/57.0
